2018-07-07 12:47:56 DEBUG o.s.security.web.FilterChainProxy - /app/rest/contributions at position 1 of 9 in additional filter chain; firing Filter: 'WebAsyncManagerIntegrationFilter'
2018-07-07 12:47:56 DEBUG o.s.security.web.FilterChainProxy - /app/rest/contributions at position 1 of 9 in additional filter chain; firing Filter: 'WebAsyncManagerIntegrationFilter'
2018-07-07 12:47:56 DEBUG o.s.security.web.FilterChainProxy - /app/rest/contributions at position 2 of 9 in additional filter chain; firing Filter: 'SecurityContextPersistenceFilter'
2018-07-07 12:47:56 DEBUG o.s.security.web.FilterChainProxy - /app/rest/contributions at position 2 of 9 in additional filter chain; firing Filter: 'SecurityContextPersistenceFilter'
2018-07-07 12:47:56 DEBUG o.s.security.web.FilterChainProxy - /app/rest/contributions at position 3 of 9 in additional filter chain; firing Filter: 'HeaderWriterFilter'
2018-07-07 12:47:56 DEBUG o.s.security.web.FilterChainProxy - /app/rest/contributions at position 4 of 9 in additional filter chain; firing Filter: 'LogoutFilter'
2018-07-07 12:47:56 DEBUG o.s.security.web.FilterChainProxy - /app/rest/contributions at position 3 of 9 in additional filter chain; firing Filter: 'HeaderWriterFilter'
2018-07-07 12:47:56 DEBUG o.s.s.w.u.matcher.OrRequestMatcher - Trying to match using Ant [pattern='/logout', GET]
2018-07-07 12:47:56 DEBUG o.s.security.web.FilterChainProxy - /app/rest/contributions at position 4 of 9 in additional filter chain; firing Filter: 'LogoutFilter'
2018-07-07 12:47:56 DEBUG o.s.s.w.u.matcher.OrRequestMatcher - Trying to match using Ant [pattern='/logout', GET]
2018-07-07 12:47:56 DEBUG o.s.s.w.u.m.AntPathRequestMatcher - Request 'OPTIONS /app/rest/contributions' doesn't match 'GET /logout
2018-07-07 12:47:56 DEBUG o.s.s.w.u.matcher.OrRequestMatcher - Trying to match using Ant [pattern='/logout', POST]
2018-07-07 12:47:56 DEBUG o.s.s.w.u.m.AntPathRequestMatcher - Request 'OPTIONS /app/rest/contributions' doesn't match 'POST /logout
2018-07-07 12:47:56 DEBUG o.s.s.w.u.matcher.OrRequestMatcher - Trying to match using Ant [pattern='/logout', PUT]
2018-07-07 12:47:56 DEBUG o.s.s.w.u.m.AntPathRequestMatcher - Request 'OPTIONS /app/rest/contributions' doesn't match 'PUT /logout
2018-07-07 12:47:56 DEBUG o.s.s.w.u.matcher.OrRequestMatcher - Trying to match using Ant [pattern='/logout', DELETE]
2018-07-07 12:47:56 DEBUG o.s.s.w.u.m.AntPathRequestMatcher - Request 'OPTIONS /app/rest/contributions' doesn't match 'DELETE /logout
2018-07-07 12:47:56 DEBUG o.s.s.w.u.matcher.OrRequestMatcher - No matches found
2018-07-07 12:47:56 DEBUG o.s.s.w.u.m.AntPathRequestMatcher - Request 'OPTIONS /app/rest/contributions' doesn't match 'GET /logout
2018-07-07 12:47:56 DEBUG o.s.security.web.FilterChainProxy - /app/rest/contributions at position 5 of 9 in additional filter chain; firing Filter: 'RequestCacheAwareFilter'
2018-07-07 12:47:56 DEBUG o.s.s.w.u.matcher.OrRequestMatcher - Trying to match using Ant [pattern='/logout', POST]
2018-07-07 12:47:56 DEBUG o.s.security.web.FilterChainProxy - /app/rest/contributions at position 6 of 9 in additional filter chain; firing Filter: 'SecurityContextHolderAwareRequestFilter'
2018-07-07 12:47:56 DEBUG o.s.s.w.u.m.AntPathRequestMatcher - Request 'OPTIONS /app/rest/contributions' doesn't match 'POST /logout
2018-07-07 12:47:56 DEBUG o.s.s.w.u.matcher.OrRequestMatcher - Trying to match using Ant [pattern='/logout', PUT]
2018-07-07 12:47:56 DEBUG o.s.s.w.u.m.AntPathRequestMatcher - Request 'OPTIONS /app/rest/contributions' doesn't match 'PUT /logout
2018-07-07 12:47:56 DEBUG o.s.s.w.u.matcher.OrRequestMatcher - Trying to match using Ant [pattern='/logout', DELETE]
2018-07-07 12:47:56 DEBUG o.s.s.w.u.m.AntPathRequestMatcher - Request 'OPTIONS /app/rest/contributions' doesn't match 'DELETE /logout
2018-07-07 12:47:56 DEBUG o.s.s.w.u.matcher.OrRequestMatcher - No matches found
2018-07-07 12:47:56 DEBUG o.s.security.web.FilterChainProxy - /app/rest/contributions at position 5 of 9 in additional filter chain; firing Filter: 'RequestCacheAwareFilter'
2018-07-07 12:47:56 DEBUG o.s.security.web.FilterChainProxy - /app/rest/contributions at position 7 of 9 in additional filter chain; firing Filter: 'AnonymousAuthenticationFilter'
2018-07-07 12:47:56 DEBUG o.s.security.web.FilterChainProxy - /app/rest/contributions at position 6 of 9 in additional filter chain; firing Filter: 'SecurityContextHolderAwareRequestFilter'
2018-07-07 12:47:56 DEBUG o.s.security.web.FilterChainProxy - /app/rest/contributions at position 7 of 9 in additional filter chain; firing Filter: 'AnonymousAuthenticationFilter'
2018-07-07 12:47:56 DEBUG o.s.s.w.a.AnonymousAuthenticationFilter - Populated SecurityContextHolder with anonymous token: 'org.springframework.security.authentication.AnonymousAuthenticationToken@ba56fee2: Principal: anonymousUser; Credentials: [PROTECTED]; Authenticated: true; Details: org.springframework.security.web.authentication.WebAuthenticationDetails@b364: RemoteIpAddress: 0:0:0:0:0:0:0:1; SessionId: null; Granted Authorities: ROLE_ANONYMOUS'
2018-07-07 12:47:56 DEBUG o.s.s.w.a.AnonymousAuthenticationFilter - Populated SecurityContextHolder with anonymous token: 'org.springframework.security.authentication.AnonymousAuthenticationToken@ba56fee2: Principal: anonymousUser; Credentials: [PROTECTED]; Authenticated: true; Details: org.springframework.security.web.authentication.WebAuthenticationDetails@b364: RemoteIpAddress: 0:0:0:0:0:0:0:1; SessionId: null; Granted Authorities: ROLE_ANONYMOUS'
2018-07-07 12:47:56 DEBUG o.s.security.web.FilterChainProxy - /app/rest/contributions at position 8 of 9 in additional filter chain; firing Filter: 'SessionManagementFilter'
2018-07-07 12:47:56 DEBUG o.s.security.web.FilterChainProxy - /app/rest/contributions at position 9 of 9 in additional filter chain; firing Filter: 'ExceptionTranslationFilter'
2018-07-07 12:47:56 DEBUG o.s.security.web.FilterChainProxy - /app/rest/contributions reached end of additional filter chain; proceeding with original chain
2018-07-07 12:47:56 DEBUG o.s.security.web.FilterChainProxy - /app/rest/contributions at position 8 of 9 in additional filter chain; firing Filter: 'SessionManagementFilter'
2018-07-07 12:47:56 DEBUG o.s.security.web.FilterChainProxy - /app/rest/contributions at position 9 of 9 in additional filter chain; firing Filter: 'ExceptionTranslationFilter'
2018-07-07 12:47:56 DEBUG o.s.security.web.FilterChainProxy - /app/rest/contributions reached end of additional filter chain; proceeding with original chain
2018-07-07 12:47:56 DEBUG o.s.web.servlet.DispatcherServlet - DispatcherServlet with name 'appDispatcher' processing OPTIONS request for [/neurorehabapp/app/rest/contributions]
2018-07-07 12:47:56 DEBUG o.s.web.servlet.DispatcherServlet - DispatcherServlet with name 'appDispatcher' processing OPTIONS request for [/neurorehabapp/app/rest/contributions]
2018-07-07 12:47:56 DEBUG o.s.w.s.m.m.a.RequestMappingHandlerMapping - Looking up handler method for path /app/rest/contributions
2018-07-07 12:47:56 DEBUG o.s.w.s.m.m.a.RequestMappingHandlerMapping - Looking up handler method for path /app/rest/contributions
2018-07-07 12:47:56 DEBUG o.s.w.s.m.m.a.RequestMappingHandlerMapping - Returning handler method [public com.app.neurorehab.controller.model.Response.ContributionResponse.KanbanResponseBody com.app.neurorehab.controller.ContributionController.getAllContributions(com.app.neurorehab.controller.model.Request.ContributionsRequest)]
2018-07-07 12:47:56 DEBUG o.s.b.f.s.DefaultListableBeanFactory - Returning cached instance of singleton bean 'contributionController'
2018-07-07 12:47:56 DEBUG o.s.w.s.m.m.a.RequestMappingHandlerMapping - Returning handler method [public com.app.neurorehab.controller.model.Response.ContributionResponse.KanbanResponseBody com.app.neurorehab.controller.ContributionController.getAllContributions(com.app.neurorehab.controller.model.Request.ContributionsRequest)]
2018-07-07 12:47:56 DEBUG o.s.b.f.s.DefaultListableBeanFactory - Returning cached instance of singleton bean 'contributionController'
2018-07-07 12:47:56 DEBUG o.s.web.servlet.DispatcherServlet - Null ModelAndView returned to DispatcherServlet with name 'appDispatcher': assuming HandlerAdapter completed request handling
2018-07-07 12:47:56 DEBUG o.s.web.servlet.DispatcherServlet - Successfully completed request
2018-07-07 12:47:56 DEBUG o.s.web.servlet.DispatcherServlet - Null ModelAndView returned to DispatcherServlet with name 'appDispatcher': assuming HandlerAdapter completed request handling
2018-07-07 12:47:56 DEBUG o.s.web.servlet.DispatcherServlet - Successfully completed request
2018-07-07 12:47:56 DEBUG o.s.s.w.a.ExceptionTranslationFilter - Chain processed normally
2018-07-07 12:47:56 DEBUG o.s.s.w.a.ExceptionTranslationFilter - Chain processed normally
2018-07-07 12:47:56 DEBUG o.s.s.w.h.writers.HstsHeaderWriter - Not injecting HSTS header since it did not match the requestMatcher org.springframework.security.web.header.writers.HstsHeaderWriter$SecureRequestMatcher@6a0df66d
2018-07-07 12:47:56 DEBUG o.s.s.w.c.SecurityContextPersistenceFilter - SecurityContextHolder now cleared, as request processing completed
2018-07-07 12:47:56 DEBUG o.s.s.w.h.writers.HstsHeaderWriter - Not injecting HSTS header since it did not match the requestMatcher org.springframework.security.web.header.writers.HstsHeaderWriter$SecureRequestMatcher@6a0df66d
2018-07-07 12:47:56 DEBUG o.s.s.w.c.SecurityContextPersistenceFilter - SecurityContextHolder now cleared, as request processing completed
2018-07-07 12:47:56 DEBUG o.s.security.web.FilterChainProxy - /app/rest/contributions at position 1 of 9 in additional filter chain; firing Filter: 'WebAsyncManagerIntegrationFilter'
2018-07-07 12:47:56 DEBUG o.s.security.web.FilterChainProxy - /app/rest/contributions at position 2 of 9 in additional filter chain; firing Filter: 'SecurityContextPersistenceFilter'
2018-07-07 12:47:56 DEBUG o.s.security.web.FilterChainProxy - /app/rest/contributions at position 1 of 9 in additional filter chain; firing Filter: 'WebAsyncManagerIntegrationFilter'
2018-07-07 12:47:56 DEBUG o.s.security.web.FilterChainProxy - /app/rest/contributions at position 2 of 9 in additional filter chain; firing Filter: 'SecurityContextPersistenceFilter'
2018-07-07 12:47:56 DEBUG o.s.security.web.FilterChainProxy - /app/rest/contributions at position 3 of 9 in additional filter chain; firing Filter: 'HeaderWriterFilter'
2018-07-07 12:47:56 DEBUG o.s.security.web.FilterChainProxy - /app/rest/contributions at position 4 of 9 in additional filter chain; firing Filter: 'LogoutFilter'
2018-07-07 12:47:56 DEBUG o.s.s.w.u.matcher.OrRequestMatcher - Trying to match using Ant [pattern='/logout', GET]
2018-07-07 12:47:56 DEBUG o.s.security.web.FilterChainProxy - /app/rest/contributions at position 3 of 9 in additional filter chain; firing Filter: 'HeaderWriterFilter'
2018-07-07 12:47:56 DEBUG o.s.security.web.FilterChainProxy - /app/rest/contributions at position 4 of 9 in additional filter chain; firing Filter: 'LogoutFilter'
2018-07-07 12:47:56 DEBUG o.s.s.w.u.matcher.OrRequestMatcher - Trying to match using Ant [pattern='/logout', GET]
2018-07-07 12:47:56 DEBUG o.s.s.w.u.m.AntPathRequestMatcher - Request 'POST /app/rest/contributions' doesn't match 'GET /logout
2018-07-07 12:47:56 DEBUG o.s.s.w.u.m.AntPathRequestMatcher - Request 'POST /app/rest/contributions' doesn't match 'GET /logout
2018-07-07 12:47:56 DEBUG o.s.s.w.u.matcher.OrRequestMatcher - Trying to match using Ant [pattern='/logout', POST]
2018-07-07 12:47:56 DEBUG o.s.s.w.u.matcher.OrRequestMatcher - Trying to match using Ant [pattern='/logout', POST]
2018-07-07 12:47:56 DEBUG o.s.s.w.u.m.AntPathRequestMatcher - Checking match of request : '/app/rest/contributions'; against '/logout'
2018-07-07 12:47:56 DEBUG o.s.s.w.u.m.AntPathRequestMatcher - Checking match of request : '/app/rest/contributions'; against '/logout'
2018-07-07 12:47:56 DEBUG o.s.s.w.u.matcher.OrRequestMatcher - Trying to match using Ant [pattern='/logout', PUT]
2018-07-07 12:47:56 DEBUG o.s.s.w.u.matcher.OrRequestMatcher - Trying to match using Ant [pattern='/logout', PUT]
2018-07-07 12:47:56 DEBUG o.s.s.w.u.m.AntPathRequestMatcher - Request 'POST /app/rest/contributions' doesn't match 'PUT /logout
2018-07-07 12:47:56 DEBUG o.s.s.w.u.matcher.OrRequestMatcher - Trying to match using Ant [pattern='/logout', DELETE]
2018-07-07 12:47:56 DEBUG o.s.s.w.u.m.AntPathRequestMatcher - Request 'POST /app/rest/contributions' doesn't match 'DELETE /logout
2018-07-07 12:47:56 DEBUG o.s.s.w.u.matcher.OrRequestMatcher - No matches found
2018-07-07 12:47:56 DEBUG o.s.security.web.FilterChainProxy - /app/rest/contributions at position 5 of 9 in additional filter chain; firing Filter: 'RequestCacheAwareFilter'
2018-07-07 12:47:56 DEBUG o.s.s.w.u.m.AntPathRequestMatcher - Request 'POST /app/rest/contributions' doesn't match 'PUT /logout
2018-07-07 12:47:56 DEBUG o.s.security.web.FilterChainProxy - /app/rest/contributions at position 6 of 9 in additional filter chain; firing Filter: 'SecurityContextHolderAwareRequestFilter'
2018-07-07 12:47:56 DEBUG o.s.s.w.u.matcher.OrRequestMatcher - Trying to match using Ant [pattern='/logout', DELETE]
2018-07-07 12:47:56 DEBUG o.s.security.web.FilterChainProxy - /app/rest/contributions at position 7 of 9 in additional filter chain; firing Filter: 'AnonymousAuthenticationFilter'
2018-07-07 12:47:56 DEBUG o.s.s.w.u.m.AntPathRequestMatcher - Request 'POST /app/rest/contributions' doesn't match 'DELETE /logout
2018-07-07 12:47:56 DEBUG o.s.s.w.u.matcher.OrRequestMatcher - No matches found
2018-07-07 12:47:56 DEBUG o.s.security.web.FilterChainProxy - /app/rest/contributions at position 5 of 9 in additional filter chain; firing Filter: 'RequestCacheAwareFilter'
2018-07-07 12:47:56 DEBUG o.s.s.w.a.AnonymousAuthenticationFilter - Populated SecurityContextHolder with anonymous token: 'org.springframework.security.authentication.AnonymousAuthenticationToken@ba56fee2: Principal: anonymousUser; Credentials: [PROTECTED]; Authenticated: true; Details: org.springframework.security.web.authentication.WebAuthenticationDetails@b364: RemoteIpAddress: 0:0:0:0:0:0:0:1; SessionId: null; Granted Authorities: ROLE_ANONYMOUS'
2018-07-07 12:47:56 DEBUG o.s.security.web.FilterChainProxy - /app/rest/contributions at position 6 of 9 in additional filter chain; firing Filter: 'SecurityContextHolderAwareRequestFilter'
2018-07-07 12:47:56 DEBUG o.s.security.web.FilterChainProxy - /app/rest/contributions at position 8 of 9 in additional filter chain; firing Filter: 'SessionManagementFilter'
2018-07-07 12:47:56 DEBUG o.s.security.web.FilterChainProxy - /app/rest/contributions at position 7 of 9 in additional filter chain; firing Filter: 'AnonymousAuthenticationFilter'
2018-07-07 12:47:56 DEBUG o.s.security.web.FilterChainProxy - /app/rest/contributions at position 9 of 9 in additional filter chain; firing Filter: 'ExceptionTranslationFilter'
2018-07-07 12:47:56 DEBUG o.s.security.web.FilterChainProxy - /app/rest/contributions reached end of additional filter chain; proceeding with original chain
2018-07-07 12:47:56 DEBUG o.s.web.servlet.DispatcherServlet - DispatcherServlet with name 'appDispatcher' processing POST request for [/neurorehabapp/app/rest/contributions]
2018-07-07 12:47:56 DEBUG o.s.s.w.a.AnonymousAuthenticationFilter - Populated SecurityContextHolder with anonymous token: 'org.springframework.security.authentication.AnonymousAuthenticationToken@ba56fee2: Principal: anonymousUser; Credentials: [PROTECTED]; Authenticated: true; Details: org.springframework.security.web.authentication.WebAuthenticationDetails@b364: RemoteIpAddress: 0:0:0:0:0:0:0:1; SessionId: null; Granted Authorities: ROLE_ANONYMOUS'
2018-07-07 12:47:56 DEBUG o.s.w.s.m.m.a.RequestMappingHandlerMapping - Looking up handler method for path /app/rest/contributions
2018-07-07 12:47:56 DEBUG o.s.security.web.FilterChainProxy - /app/rest/contributions at position 8 of 9 in additional filter chain; firing Filter: 'SessionManagementFilter'
2018-07-07 12:47:56 DEBUG o.s.security.web.FilterChainProxy - /app/rest/contributions at position 9 of 9 in additional filter chain; firing Filter: 'ExceptionTranslationFilter'
2018-07-07 12:47:56 DEBUG o.s.security.web.FilterChainProxy - /app/rest/contributions reached end of additional filter chain; proceeding with original chain
2018-07-07 12:47:56 DEBUG o.s.web.servlet.DispatcherServlet - DispatcherServlet with name 'appDispatcher' processing POST request for [/neurorehabapp/app/rest/contributions]
2018-07-07 12:47:56 DEBUG o.s.w.s.m.m.a.RequestMappingHandlerMapping - Returning handler method [public com.app.neurorehab.controller.model.Response.ContributionResponse.KanbanResponseBody com.app.neurorehab.controller.ContributionController.getAllContributions(com.app.neurorehab.controller.model.Request.ContributionsRequest)]
2018-07-07 12:47:56 DEBUG o.s.b.f.s.DefaultListableBeanFactory - Returning cached instance of singleton bean 'contributionController'
2018-07-07 12:47:56 DEBUG o.s.w.s.m.m.a.RequestMappingHandlerMapping - Looking up handler method for path /app/rest/contributions
2018-07-07 12:47:56 DEBUG o.s.w.s.m.m.a.RequestMappingHandlerMapping - Returning handler method [public com.app.neurorehab.controller.model.Response.ContributionResponse.KanbanResponseBody com.app.neurorehab.controller.ContributionController.getAllContributions(com.app.neurorehab.controller.model.Request.ContributionsRequest)]
2018-07-07 12:47:56 DEBUG o.s.b.f.s.DefaultListableBeanFactory - Returning cached instance of singleton bean 'contributionController'
2018-07-07 12:47:56 DEBUG o.s.w.s.m.m.a.RequestResponseBodyMethodProcessor - Read [class com.app.neurorehab.controller.model.Request.ContributionsRequest] as "application/json;charset=UTF-8" with [org.springframework.http.converter.json.MappingJackson2HttpMessageConverter@48bf74b0]
2018-07-07 12:47:56 DEBUG o.s.w.s.m.m.a.RequestResponseBodyMethodProcessor - Read [class com.app.neurorehab.controller.model.Request.ContributionsRequest] as "application/json;charset=UTF-8" with [org.springframework.http.converter.json.MappingJackson2HttpMessageConverter@48bf74b0]
2018-07-07 12:47:56 DEBUG o.s.core.annotation.AnnotationUtils - Failed to meta-introspect annotation class com.sun.proxy.$Proxy152: java.lang.NoSuchMethodException: javax.validation.Valid.value()
2018-07-07 12:47:56 DEBUG o.s.core.annotation.AnnotationUtils - Failed to meta-introspect annotation class com.sun.proxy.$Proxy152: java.lang.NoSuchMethodException: javax.validation.Valid.value()
2018-07-07 12:47:56 DEBUG c.a.n.c.ContributionController - Getting all contributions
2018-07-07 12:47:56 DEBUG c.a.n.c.ContributionController - Getting all contributions
2018-07-07 12:47:56 DEBUG o.s.orm.jpa.JpaTransactionManager - Creating new transaction with name [com.app.neurorehab.service.ContributionService.getAllContributionsAsKanban]: PROPAGATION_REQUIRED,ISOLATION_DEFAULT; ''
2018-07-07 12:47:56 DEBUG o.s.orm.jpa.JpaTransactionManager - Creating new transaction with name [com.app.neurorehab.service.ContributionService.getAllContributionsAsKanban]: PROPAGATION_REQUIRED,ISOLATION_DEFAULT; ''
2018-07-07 12:47:56 DEBUG o.s.orm.jpa.JpaTransactionManager - Opened new EntityManager [SessionImpl(PersistenceContext[entityKeys=[],collectionKeys=[]];ActionQueue[insertions=ExecutableList{size=0} updates=ExecutableList{size=0} deletions=ExecutableList{size=0} orphanRemovals=ExecutableList{size=0} collectionCreations=ExecutableList{size=0} collectionRemovals=ExecutableList{size=0} collectionUpdates=ExecutableList{size=0} collectionQueuedOps=ExecutableList{size=0} unresolvedInsertDependencies=null])] for JPA transaction
2018-07-07 12:47:56 DEBUG o.s.orm.jpa.JpaTransactionManager - Opened new EntityManager [SessionImpl(PersistenceContext[entityKeys=[],collectionKeys=[]];ActionQueue[insertions=ExecutableList{size=0} updates=ExecutableList{size=0} deletions=ExecutableList{size=0} orphanRemovals=ExecutableList{size=0} collectionCreations=ExecutableList{size=0} collectionRemovals=ExecutableList{size=0} collectionUpdates=ExecutableList{size=0} collectionQueuedOps=ExecutableList{size=0} unresolvedInsertDependencies=null])] for JPA transaction
2018-07-07 12:47:56 DEBUG o.s.j.d.DriverManagerDataSource - Creating new JDBC DriverManager Connection to [jdbc:mysql://localhost:3306/neurorehab_app_schema?serverTimezone=UTC]
2018-07-07 12:47:56 DEBUG o.s.j.d.DriverManagerDataSource - Creating new JDBC DriverManager Connection to [jdbc:mysql://localhost:3306/neurorehab_app_schema?serverTimezone=UTC]
2018-07-07 12:47:56 DEBUG o.s.orm.jpa.JpaTransactionManager - Exposing JPA transaction as JDBC transaction [org.springframework.orm.jpa.vendor.HibernateJpaDialect$HibernateConnectionHandle@617f0681]
2018-07-07 12:47:56 DEBUG o.s.orm.jpa.JpaTransactionManager - Exposing JPA transaction as JDBC transaction [org.springframework.orm.jpa.vendor.HibernateJpaDialect$HibernateConnectionHandle@2315218]
2018-07-07 12:47:56 DEBUG c.a.n.service.ContributionService - Getting all contributions
2018-07-07 12:47:56 DEBUG c.a.n.service.ContributionService - Getting all contributions
2018-07-07 12:47:56 DEBUG c.a.n.p.ContributionPersistenceService - Getting all contributions
2018-07-07 12:47:56 DEBUG c.a.n.p.ContributionPersistenceService - Getting all contributions
2018-07-07 12:47:56 DEBUG o.s.d.r.c.s.TransactionalRepositoryProxyPostProcessor$CustomAnnotationTransactionAttributeSource - Adding transactional method 'findAllByAcceptance' with attribute: PROPAGATION_REQUIRED,ISOLATION_DEFAULT; ''
2018-07-07 12:47:56 DEBUG o.s.b.f.s.DefaultListableBeanFactory - Returning cached instance of singleton bean 'transactionManager'
2018-07-07 12:47:56 DEBUG o.s.d.r.c.s.TransactionalRepositoryProxyPostProcessor$CustomAnnotationTransactionAttributeSource - Adding transactional method 'findAllByAcceptance' with attribute: PROPAGATION_REQUIRED,ISOLATION_DEFAULT; ''
2018-07-07 12:47:56 DEBUG o.s.orm.jpa.JpaTransactionManager - Found thread-bound EntityManager [SessionImpl(PersistenceContext[entityKeys=[],collectionKeys=[]];ActionQueue[insertions=ExecutableList{size=0} updates=ExecutableList{size=0} deletions=ExecutableList{size=0} orphanRemovals=ExecutableList{size=0} collectionCreations=ExecutableList{size=0} collectionRemovals=ExecutableList{size=0} collectionUpdates=ExecutableList{size=0} collectionQueuedOps=ExecutableList{size=0} unresolvedInsertDependencies=null])] for JPA transaction
2018-07-07 12:47:56 DEBUG o.s.orm.jpa.JpaTransactionManager - Participating in existing transaction
2018-07-07 12:47:56 DEBUG o.s.orm.jpa.JpaTransactionManager - Found thread-bound EntityManager [SessionImpl(PersistenceContext[entityKeys=[],collectionKeys=[]];ActionQueue[insertions=ExecutableList{size=0} updates=ExecutableList{size=0} deletions=ExecutableList{size=0} orphanRemovals=ExecutableList{size=0} collectionCreations=ExecutableList{size=0} collectionRemovals=ExecutableList{size=0} collectionUpdates=ExecutableList{size=0} collectionQueuedOps=ExecutableList{size=0} unresolvedInsertDependencies=null])] for JPA transaction
2018-07-07 12:47:56 DEBUG o.s.orm.jpa.JpaTransactionManager - Participating in existing transaction
2018-07-07 12:47:57 DEBUG c.a.n.p.ContributionPersistenceService - Returning all contributions
2018-07-07 12:47:57 DEBUG c.a.n.p.ContributionPersistenceService - Returning all contributions
2018-07-07 12:47:57 DEBUG c.a.n.p.m.ContributionKanbanPersistenceMapper - Mapping contributions to kanban format..
2018-07-07 12:47:57 DEBUG c.a.n.p.m.ContributionKanbanPersistenceMapper - Mapping contributions to kanban format..
2018-07-07 12:47:57 DEBUG c.a.n.p.m.ContributionKanbanPersistenceMapper - Successfully mapped contributions to kanban data format..
2018-07-07 12:47:57 DEBUG c.a.n.service.ContributionService - Returning all contributions
2018-07-07 12:47:57 DEBUG o.s.orm.jpa.JpaTransactionManager - Initiating transaction commit
2018-07-07 12:47:57 DEBUG o.s.orm.jpa.JpaTransactionManager - Committing JPA transaction on EntityManager [SessionImpl(PersistenceContext[entityKeys=[EntityKey[com.app.neurorehab.persistence.model.ContributionPersistenceModel#20], EntityKey[com.app.neurorehab.persistence.model.ContributionPersistenceModel#24], EntityKey[com.app.neurorehab.persistence.model.ProfilePersistenceModel#10], EntityKey[com.app.neurorehab.persistence.model.TrainingPersistenceModel#10], EntityKey[com.app.neurorehab.persistence.model.TrainingResultsPersistenceModel#2], EntityKey[com.app.neurorehab.persistence.model.ProfilePersistenceModel#12], EntityKey[com.app.neurorehab.persistence.model.UserPersistenceModel#25], EntityKey[com.app.neurorehab.persistence.model.TrainingPersistenceModel#5], EntityKey[com.app.neurorehab.persistence.model.RolePersistenceModel#1], EntityKey[com.app.neurorehab.persistence.model.TrainingPersistenceModel#3], EntityKey[com.app.neurorehab.persistence.model.TrainingPersistenceModel#1], EntityKey[com.app.neurorehab.persistence.model.ContributionPersistenceModel#10], EntityKey[com.app.neurorehab.persistence.model.UserPersistenceModel#32], EntityKey[com.app.neurorehab.persistence.model.ContributionPersistenceModel#12], EntityKey[com.app.neurorehab.persistence.model.UserPersistenceModel#11], EntityKey[com.app.neurorehab.persistence.model.ContributionPersistenceModel#14]],collectionKeys=[CollectionKey[com.app.neurorehab.persistence.model.UserPersistenceModel.contributionPersistenceModels#11], CollectionKey[com.app.neurorehab.persistence.model.UserPersistenceModel.trainingResultsPersistenceModels#11], CollectionKey[com.app.neurorehab.persistence.model.UserPersistenceModel.rolePersistenceModels#32], CollectionKey[com.app.neurorehab.persistence.model.UserPersistenceModel.trainingResultsPersistenceModels#32], CollectionKey[com.app.neurorehab.persistence.model.UserPersistenceModel.contributionPersistenceModels#25], CollectionKey[com.app.neurorehab.persistence.model.UserPersistenceModel.rolePersistenceModels#25], CollectionKey[com.app.neurorehab.persistence.model.UserPersistenceModel.rolePersistenceModels#11], CollectionKey[com.app.neurorehab.persistence.model.UserPersistenceModel.contributionPersistenceModels#32], CollectionKey[com.app.neurorehab.persistence.model.UserPersistenceModel.trainingResultsPersistenceModels#25]]];ActionQueue[insertions=ExecutableList{size=0} updates=ExecutableList{size=0} deletions=ExecutableList{size=0} orphanRemovals=ExecutableList{size=0} collectionCreations=ExecutableList{size=0} collectionRemovals=ExecutableList{size=0} collectionUpdates=ExecutableList{size=0} collectionQueuedOps=ExecutableList{size=0} unresolvedInsertDependencies=null])]
2018-07-07 12:47:57 DEBUG c.a.n.p.m.ContributionKanbanPersistenceMapper - Successfully mapped contributions to kanban data format..
2018-07-07 12:47:57 DEBUG c.a.n.service.ContributionService - Returning all contributions
2018-07-07 12:47:57 DEBUG o.s.orm.jpa.JpaTransactionManager - Initiating transaction commit
2018-07-07 12:47:57 DEBUG o.s.orm.jpa.JpaTransactionManager - Committing JPA transaction on EntityManager [SessionImpl(PersistenceContext[entityKeys=[EntityKey[com.app.neurorehab.persistence.model.ProfilePersistenceModel#13], EntityKey[com.app.neurorehab.persistence.model.TrainingPersistenceModel#1], EntityKey[com.app.neurorehab.persistence.model.ProfilePersistenceModel#10], EntityKey[com.app.neurorehab.persistence.model.ContributionPersistenceModel#10], EntityKey[com.app.neurorehab.persistence.model.TrainingResultsPersistenceModel#3], EntityKey[com.app.neurorehab.persistence.model.ContributionPersistenceModel#13], EntityKey[com.app.neurorehab.persistence.model.UserPersistenceModel#26], EntityKey[com.app.neurorehab.persistence.model.ContributionPersistenceModel#14], EntityKey[com.app.neurorehab.persistence.model.UserPersistenceModel#11], EntityKey[com.app.neurorehab.persistence.model.TrainingPersistenceModel#4], EntityKey[com.app.neurorehab.persistence.model.TrainingPersistenceModel#5]],collectionKeys=[CollectionKey[com.app.neurorehab.persistence.model.UserPersistenceModel.contributionPersistenceModels#26], CollectionKey[com.app.neurorehab.persistence.model.UserPersistenceModel.trainingResultsPersistenceModels#26], CollectionKey[com.app.neurorehab.persistence.model.UserPersistenceModel.contributionPersistenceModels#11], CollectionKey[com.app.neurorehab.persistence.model.UserPersistenceModel.trainingResultsPersistenceModels#11], CollectionKey[com.app.neurorehab.persistence.model.UserPersistenceModel.rolePersistenceModels#11], CollectionKey[com.app.neurorehab.persistence.model.UserPersistenceModel.rolePersistenceModels#26]]];ActionQueue[insertions=ExecutableList{size=0} updates=ExecutableList{size=0} deletions=ExecutableList{size=0} orphanRemovals=ExecutableList{size=0} collectionCreations=ExecutableList{size=0} collectionRemovals=ExecutableList{size=0} collectionUpdates=ExecutableList{size=0} collectionQueuedOps=ExecutableList{size=0} unresolvedInsertDependencies=null])]
2018-07-07 12:47:57 DEBUG o.s.orm.jpa.JpaTransactionManager - Closing JPA EntityManager [SessionImpl(PersistenceContext[entityKeys=[EntityKey[com.app.neurorehab.persistence.model.ContributionPersistenceModel#20], EntityKey[com.app.neurorehab.persistence.model.ContributionPersistenceModel#24], EntityKey[com.app.neurorehab.persistence.model.ProfilePersistenceModel#10], EntityKey[com.app.neurorehab.persistence.model.TrainingPersistenceModel#10], EntityKey[com.app.neurorehab.persistence.model.TrainingResultsPersistenceModel#2], EntityKey[com.app.neurorehab.persistence.model.ProfilePersistenceModel#12], EntityKey[com.app.neurorehab.persistence.model.UserPersistenceModel#25], EntityKey[com.app.neurorehab.persistence.model.TrainingPersistenceModel#5], EntityKey[com.app.neurorehab.persistence.model.RolePersistenceModel#1], EntityKey[com.app.neurorehab.persistence.model.TrainingPersistenceModel#3], EntityKey[com.app.neurorehab.persistence.model.TrainingPersistenceModel#1], EntityKey[com.app.neurorehab.persistence.model.ContributionPersistenceModel#10], EntityKey[com.app.neurorehab.persistence.model.UserPersistenceModel#32], EntityKey[com.app.neurorehab.persistence.model.ContributionPersistenceModel#12], EntityKey[com.app.neurorehab.persistence.model.UserPersistenceModel#11], EntityKey[com.app.neurorehab.persistence.model.ContributionPersistenceModel#14]],collectionKeys=[CollectionKey[com.app.neurorehab.persistence.model.UserPersistenceModel.contributionPersistenceModels#11], CollectionKey[com.app.neurorehab.persistence.model.UserPersistenceModel.trainingResultsPersistenceModels#11], CollectionKey[com.app.neurorehab.persistence.model.UserPersistenceModel.rolePersistenceModels#32], CollectionKey[com.app.neurorehab.persistence.model.UserPersistenceModel.trainingResultsPersistenceModels#32], CollectionKey[com.app.neurorehab.persistence.model.UserPersistenceModel.contributionPersistenceModels#25], CollectionKey[com.app.neurorehab.persistence.model.UserPersistenceModel.rolePersistenceModels#25], CollectionKey[com.app.neurorehab.persistence.model.UserPersistenceModel.rolePersistenceModels#11], CollectionKey[com.app.neurorehab.persistence.model.UserPersistenceModel.contributionPersistenceModels#32], CollectionKey[com.app.neurorehab.persistence.model.UserPersistenceModel.trainingResultsPersistenceModels#25]]];ActionQueue[insertions=ExecutableList{size=0} updates=ExecutableList{size=0} deletions=ExecutableList{size=0} orphanRemovals=ExecutableList{size=0} collectionCreations=ExecutableList{size=0} collectionRemovals=ExecutableList{size=0} collectionUpdates=ExecutableList{size=0} collectionQueuedOps=ExecutableList{size=0} unresolvedInsertDependencies=null])] after transaction
2018-07-07 12:47:57 DEBUG o.s.orm.jpa.JpaTransactionManager - Closing JPA EntityManager [SessionImpl(PersistenceContext[entityKeys=[EntityKey[com.app.neurorehab.persistence.model.ProfilePersistenceModel#13], EntityKey[com.app.neurorehab.persistence.model.TrainingPersistenceModel#1], EntityKey[com.app.neurorehab.persistence.model.ProfilePersistenceModel#10], EntityKey[com.app.neurorehab.persistence.model.ContributionPersistenceModel#10], EntityKey[com.app.neurorehab.persistence.model.TrainingResultsPersistenceModel#3], EntityKey[com.app.neurorehab.persistence.model.ContributionPersistenceModel#13], EntityKey[com.app.neurorehab.persistence.model.UserPersistenceModel#26], EntityKey[com.app.neurorehab.persistence.model.ContributionPersistenceModel#14], EntityKey[com.app.neurorehab.persistence.model.UserPersistenceModel#11], EntityKey[com.app.neurorehab.persistence.model.TrainingPersistenceModel#4], EntityKey[com.app.neurorehab.persistence.model.TrainingPersistenceModel#5]],collectionKeys=[CollectionKey[com.app.neurorehab.persistence.model.UserPersistenceModel.contributionPersistenceModels#26], CollectionKey[com.app.neurorehab.persistence.model.UserPersistenceModel.trainingResultsPersistenceModels#26], CollectionKey[com.app.neurorehab.persistence.model.UserPersistenceModel.contributionPersistenceModels#11], CollectionKey[com.app.neurorehab.persistence.model.UserPersistenceModel.trainingResultsPersistenceModels#11], CollectionKey[com.app.neurorehab.persistence.model.UserPersistenceModel.rolePersistenceModels#11], CollectionKey[com.app.neurorehab.persistence.model.UserPersistenceModel.rolePersistenceModels#26]]];ActionQueue[insertions=ExecutableList{size=0} updates=ExecutableList{size=0} deletions=ExecutableList{size=0} orphanRemovals=ExecutableList{size=0} collectionCreations=ExecutableList{size=0} collectionRemovals=ExecutableList{size=0} collectionUpdates=ExecutableList{size=0} collectionQueuedOps=ExecutableList{size=0} unresolvedInsertDependencies=null])] after transaction
2018-07-07 12:47:57 DEBUG o.s.o.jpa.EntityManagerFactoryUtils - Closing JPA EntityManager
2018-07-07 12:47:57 DEBUG o.s.o.jpa.EntityManagerFactoryUtils - Closing JPA EntityManager
2018-07-07 12:47:57 DEBUG c.a.n.c.ContributionController - Returning all contributions
2018-07-07 12:47:57 DEBUG c.a.n.c.ContributionController - Returning all contributions
2018-07-07 12:47:57 DEBUG o.s.s.w.h.writers.HstsHeaderWriter - Not injecting HSTS header since it did not match the requestMatcher org.springframework.security.web.header.writers.HstsHeaderWriter$SecureRequestMatcher@6a0df66d
2018-07-07 12:47:57 DEBUG o.s.s.w.h.writers.HstsHeaderWriter - Not injecting HSTS header since it did not match the requestMatcher org.springframework.security.web.header.writers.HstsHeaderWriter$SecureRequestMatcher@6a0df66d
2018-07-07 12:47:57 DEBUG o.s.w.s.m.m.a.RequestResponseBodyMethodProcessor - Written [com.app.neurorehab.controller.model.Response.ContributionResponse.KanbanResponseBody@6e891fd5] as "application/json" using [org.springframework.http.converter.json.MappingJackson2HttpMessageConverter@48bf74b0]
2018-07-07 12:47:57 DEBUG o.s.web.servlet.DispatcherServlet - Null ModelAndView returned to DispatcherServlet with name 'appDispatcher': assuming HandlerAdapter completed request handling
2018-07-07 12:47:57 DEBUG o.s.web.servlet.DispatcherServlet - Successfully completed request
2018-07-07 12:47:57 DEBUG o.s.s.w.a.ExceptionTranslationFilter - Chain processed normally
2018-07-07 12:47:57 DEBUG o.s.s.w.c.SecurityContextPersistenceFilter - SecurityContextHolder now cleared, as request processing completed
2018-07-07 12:47:57 DEBUG o.s.w.s.m.m.a.RequestResponseBodyMethodProcessor - Written [com.app.neurorehab.controller.model.Response.ContributionResponse.KanbanResponseBody@40ed4754] as "application/json" using [org.springframework.http.converter.json.MappingJackson2HttpMessageConverter@48bf74b0]
2018-07-07 12:47:57 DEBUG o.s.web.servlet.DispatcherServlet - Null ModelAndView returned to DispatcherServlet with name 'appDispatcher': assuming HandlerAdapter completed request handling
2018-07-07 12:47:57 DEBUG o.s.web.servlet.DispatcherServlet - Successfully completed request
2018-07-07 12:47:57 DEBUG o.s.s.w.a.ExceptionTranslationFilter - Chain processed normally
2018-07-07 12:47:57 DEBUG o.s.s.w.c.SecurityContextPersistenceFilter - SecurityContextHolder now cleared, as request processing completed
