2018-07-16 14:46:10 INFO  o.s.w.c.s.XmlWebApplicationContext - Closing WebApplicationContext for namespace 'appDispatcher-servlet': startup date [Mon Jul 09 21:05:46 CEST 2018]; root of context hierarchy
2018-07-16 14:46:10 DEBUG o.s.b.f.s.DefaultListableBeanFactory - Returning cached instance of singleton bean 'delegatingApplicationListener'
2018-07-16 14:46:10 DEBUG o.s.b.f.s.DefaultListableBeanFactory - Returning cached instance of singleton bean 'lifecycleProcessor'
2018-07-16 14:46:10 DEBUG o.s.b.f.s.DefaultListableBeanFactory - Destroying singletons in org.springframework.beans.factory.support.DefaultListableBeanFactory@1e7c61c4: defining beans [mvcResourceUrlProvider,org.springframework.web.servlet.handler.MappedInterceptor#0,mvcPathMatcher,mvcUrlPathHelper,org.springframework.web.servlet.resource.ResourceHttpRequestHandler#0,mvcCorsConfigurations,org.springframework.web.servlet.handler.SimpleUrlHandlerMapping#0,org.springframework.web.servlet.handler.BeanNameUrlHandlerMapping,org.springframework.web.servlet.mvc.HttpRequestHandlerAdapter,org.springframework.web.servlet.mvc.SimpleControllerHandlerAdapter,mvcHandlerMappingIntrospector,authController,contributionController,trainingController,userInfoController,globalExceptionHandler,webConfiguration,webMvcConfig,webSecurityConfig,CORSFilter,jwtAuthenticationFilter,requestInterceptorFilter,jwtAuthenticationEntryPoint,jwtTokenProvider,contributionControllerModel,profileControllerModel,contributionsRequest,loginRequest,signupRequest,updateProfileRequest,roleControllerModel,trainingControllerModel,trainingResultsControllerModel,userControllerModel,org.springframework.context.annotation.internalConfigurationAnnotationProcessor,org.springframework.context.annotation.internalAutowiredAnnotationProcessor,org.springframework.context.annotation.internalRequiredAnnotationProcessor,org.springframework.context.annotation.internalCommonAnnotationProcessor,org.springframework.context.annotation.internalPersistenceAnnotationProcessor,org.springframework.context.event.internalEventListenerProcessor,org.springframework.context.event.internalEventListenerFactory,contributionPersistenceServiceHandler,trainingPersistenceServiceHandler,userPersistenceServiceHandler,contributionKanbanPersistenceMapper,contributionPersistenceMapper,profilePersistenceMapper,trainingPersistenceMapper,trainingResultsPersistenceMapper,userPersistenceMapper,contributionService,customUserDetailsService,trainingService,userService,org.springframework.context.support.PropertySourcesPlaceholderConfigurer#0,org.springframework.transaction.config.internalTransactionalEventListenerFactory,org.springframework.aop.config.internalAutoProxyCreator,org.springframework.transaction.annotation.AnnotationTransactionAttributeSource#0,org.springframework.transaction.interceptor.TransactionInterceptor#0,org.springframework.transaction.config.internalTransactionAdvisor,myDataSource,myEmf,jpaVendorAdapter,transactionManager,org.springframework.data.jpa.repository.config.JpaRepositoryConfigExtension#0,emBeanDefinitionRegistrarPostProcessor,jpaMappingContext,jpaContext,roleRepository,trainingRepository,contributionRepository,userRepository,org.springframework.web.servlet.config.annotation.DelegatingWebMvcConfiguration,requestMappingHandlerMapping,mvcContentNegotiationManager,viewControllerHandlerMapping,beanNameHandlerMapping,resourceHandlerMapping,defaultServletHandlerMapping,requestMappingHandlerAdapter,mvcConversionService,mvcValidator,mvcUriComponentsContributor,httpRequestHandlerAdapter,simpleControllerHandlerAdapter,handlerExceptionResolver,mvcViewResolver,org.springframework.security.config.annotation.configuration.ObjectPostProcessorConfiguration,objectPostProcessor,org.springframework.security.config.annotation.authentication.configuration.AuthenticationConfiguration,authenticationManagerBuilder,enableGlobalAuthenticationAutowiredConfigurer,initializeUserDetailsBeanManagerConfigurer,initializeAuthenticationProviderBeanManagerConfigurer,org.springframework.security.config.annotation.web.configuration.WebSecurityConfiguration,delegatingApplicationListener,webSecurityExpressionHandler,springSecurityFilterChain,privilegeEvaluator,autowiredWebSecurityConfigurersIgnoreParents,org.springframework.security.config.annotation.web.configuration.WebMvcSecurityConfiguration,requestDataValueProcessor,org.springframework.security.config.annotation.method.configuration.GlobalMethodSecurityConfiguration,methodSecurityInterceptor,methodSecurityMetadataSource,preInvocationAuthorizationAdvice,org.springframework.security.authenticationManager,passwordEncoder,metaDataSourceAdvisor,org.springframework.orm.jpa.SharedEntityManagerCreator#0]; root of factory hierarchy
2018-07-16 14:46:10 DEBUG o.s.b.f.s.DefaultListableBeanFactory - Retrieved dependent beans for bean 'springSecurityFilterChain': [webSecurityExpressionHandler, privilegeEvaluator]
2018-07-16 14:46:10 DEBUG o.s.b.f.s.DisposableBeanAdapter - Invoking destroy() on bean with name 'springSecurityFilterChain'
2018-07-16 14:46:10 DEBUG o.s.b.f.s.DefaultListableBeanFactory - Retrieved dependent beans for bean 'mvcValidator': [requestMappingHandlerAdapter]
2018-07-16 14:46:10 DEBUG o.s.b.f.s.DefaultListableBeanFactory - Retrieved dependent beans for bean 'requestMappingHandlerAdapter': [mvcUriComponentsContributor]
2018-07-16 14:46:10 DEBUG o.s.b.f.s.DisposableBeanAdapter - Invoking destroy() on bean with name 'mvcValidator'
2018-07-16 14:46:10 DEBUG o.s.b.f.s.DisposableBeanAdapter - Invoking destroy() on bean with name 'jwtAuthenticationFilter'
2018-07-16 14:46:10 DEBUG o.s.b.f.s.DefaultListableBeanFactory - Retrieved dependent beans for bean 'jpaMappingContext': [userRepository, roleRepository, contributionRepository, trainingRepository]
2018-07-16 14:46:10 DEBUG o.s.b.f.s.DefaultListableBeanFactory - Retrieved dependent beans for bean 'userRepository': [customUserDetailsService, authController, userPersistenceServiceHandler, contributionPersistenceServiceHandler]
2018-07-16 14:46:10 DEBUG o.s.b.f.s.DefaultListableBeanFactory - Retrieved dependent beans for bean 'customUserDetailsService': [webSecurityConfig]
2018-07-16 14:46:10 DEBUG o.s.b.f.s.DefaultListableBeanFactory - Retrieved dependent beans for bean 'userPersistenceServiceHandler': [contributionService, userService]
2018-07-16 14:46:10 DEBUG o.s.b.f.s.DefaultListableBeanFactory - Retrieved dependent beans for bean 'contributionService': [contributionController]
2018-07-16 14:46:10 DEBUG o.s.b.f.s.DefaultListableBeanFactory - Retrieved dependent beans for bean 'userService': [userInfoController]
2018-07-16 14:46:10 DEBUG o.s.b.f.s.DefaultListableBeanFactory - Retrieved dependent beans for bean '(inner bean)#476e21a6': [userRepository]
2018-07-16 14:46:10 DEBUG o.s.b.f.s.DefaultListableBeanFactory - Retrieved dependent beans for bean '(inner bean)#385bb9ba': [(inner bean)#476e21a6]
2018-07-16 14:46:10 DEBUG o.s.b.f.s.DefaultListableBeanFactory - Retrieved dependent beans for bean '(inner bean)#2a11006': [roleRepository]
2018-07-16 14:46:10 DEBUG o.s.b.f.s.DefaultListableBeanFactory - Retrieved dependent beans for bean '(inner bean)#7ee6a561': [(inner bean)#2a11006]
2018-07-16 14:46:10 DEBUG o.s.b.f.s.DefaultListableBeanFactory - Retrieved dependent beans for bean '(inner bean)#76dee2be': [contributionRepository]
2018-07-16 14:46:10 DEBUG o.s.b.f.s.DefaultListableBeanFactory - Retrieved dependent beans for bean '(inner bean)#75b61d2a': [(inner bean)#76dee2be]
2018-07-16 14:46:10 DEBUG o.s.b.f.s.DefaultListableBeanFactory - Retrieved dependent beans for bean 'trainingRepository': [trainingPersistenceServiceHandler]
2018-07-16 14:46:10 DEBUG o.s.b.f.s.DefaultListableBeanFactory - Retrieved dependent beans for bean 'trainingPersistenceServiceHandler': [trainingService]
2018-07-16 14:46:10 DEBUG o.s.b.f.s.DefaultListableBeanFactory - Retrieved dependent beans for bean 'trainingService': [trainingController]
2018-07-16 14:46:10 DEBUG o.s.b.f.s.DefaultListableBeanFactory - Retrieved dependent beans for bean '(inner bean)#35785ae7': [trainingRepository]
2018-07-16 14:46:10 DEBUG o.s.b.f.s.DefaultListableBeanFactory - Retrieved dependent beans for bean '(inner bean)#42dcff84': [(inner bean)#35785ae7]
2018-07-16 14:46:10 DEBUG o.s.b.f.s.DisposableBeanAdapter - Invoking destroy() on bean with name 'jpaMappingContext'
2018-07-16 14:46:10 DEBUG o.s.b.f.s.DefaultListableBeanFactory - Retrieved dependent beans for bean '(inner bean)#7d650282': [(inner bean)#722fd519]
2018-07-16 14:46:10 DEBUG o.s.b.f.s.DefaultListableBeanFactory - Retrieved dependent beans for bean '(inner bean)#722fd519': [org.springframework.web.servlet.handler.MappedInterceptor#0]
2018-07-16 14:46:10 DEBUG o.s.b.f.s.DefaultListableBeanFactory - Retrieved dependent beans for bean 'mvcResourceUrlProvider': [requestMappingHandlerMapping]
2018-07-16 14:46:10 DEBUG o.s.b.f.s.DefaultListableBeanFactory - Retrieved dependent beans for bean 'myEmf': [transactionManager, org.springframework.orm.jpa.SharedEntityManagerCreator#0]
2018-07-16 14:46:10 DEBUG o.s.b.f.s.DefaultListableBeanFactory - Retrieved dependent beans for bean 'org.springframework.orm.jpa.SharedEntityManagerCreator#0': [jpaContext]
2018-07-16 14:46:10 DEBUG o.s.b.f.s.DisposableBeanAdapter - Invoking destroy() on bean with name 'myEmf'
2018-07-16 14:46:10 INFO  o.s.o.j.LocalContainerEntityManagerFactoryBean - Closing JPA EntityManagerFactory for persistence unit 'app_core'
2018-07-16 14:46:10 DEBUG o.s.b.f.s.DefaultListableBeanFactory - Retrieved dependent beans for bean 'objectPostProcessor': [org.springframework.security.config.annotation.method.configuration.GlobalMethodSecurityConfiguration, org.springframework.security.config.annotation.authentication.configuration.AuthenticationConfiguration, authenticationManagerBuilder, org.springframework.security.config.annotation.web.configuration.WebSecurityConfiguration]
2018-07-16 14:46:10 DEBUG o.s.b.f.s.DisposableBeanAdapter - Invoking destroy() on bean with name 'objectPostProcessor'
