2018-07-12 02:32:49 DEBUG o.s.security.web.FilterChainProxy - /app/rest/contributions at position 1 of 9 in additional filter chain; firing Filter: 'WebAsyncManagerIntegrationFilter'
2018-07-12 02:32:49 DEBUG o.s.security.web.FilterChainProxy - /app/rest/contributions at position 1 of 9 in additional filter chain; firing Filter: 'WebAsyncManagerIntegrationFilter'
2018-07-12 02:32:49 DEBUG o.s.security.web.FilterChainProxy - /app/rest/contributions at position 2 of 9 in additional filter chain; firing Filter: 'SecurityContextPersistenceFilter'
2018-07-12 02:32:49 DEBUG o.s.security.web.FilterChainProxy - /app/rest/contributions at position 2 of 9 in additional filter chain; firing Filter: 'SecurityContextPersistenceFilter'
2018-07-12 02:32:49 DEBUG o.s.security.web.FilterChainProxy - /app/rest/contributions at position 3 of 9 in additional filter chain; firing Filter: 'HeaderWriterFilter'
2018-07-12 02:32:49 DEBUG o.s.security.web.FilterChainProxy - /app/rest/contributions at position 4 of 9 in additional filter chain; firing Filter: 'LogoutFilter'
2018-07-12 02:32:49 DEBUG o.s.security.web.FilterChainProxy - /app/rest/contributions at position 3 of 9 in additional filter chain; firing Filter: 'HeaderWriterFilter'
2018-07-12 02:32:49 DEBUG o.s.security.web.FilterChainProxy - /app/rest/contributions at position 4 of 9 in additional filter chain; firing Filter: 'LogoutFilter'
2018-07-12 02:32:49 DEBUG o.s.s.w.u.matcher.OrRequestMatcher - Trying to match using Ant [pattern='/logout', GET]
2018-07-12 02:32:49 DEBUG o.s.s.w.u.matcher.OrRequestMatcher - Trying to match using Ant [pattern='/logout', GET]
2018-07-12 02:32:49 DEBUG o.s.s.w.u.m.AntPathRequestMatcher - Request 'OPTIONS /app/rest/contributions' doesn't match 'GET /logout
2018-07-12 02:32:49 DEBUG o.s.s.w.u.matcher.OrRequestMatcher - Trying to match using Ant [pattern='/logout', POST]
2018-07-12 02:32:49 DEBUG o.s.s.w.u.m.AntPathRequestMatcher - Request 'OPTIONS /app/rest/contributions' doesn't match 'POST /logout
2018-07-12 02:32:49 DEBUG o.s.s.w.u.matcher.OrRequestMatcher - Trying to match using Ant [pattern='/logout', PUT]
2018-07-12 02:32:49 DEBUG o.s.s.w.u.m.AntPathRequestMatcher - Request 'OPTIONS /app/rest/contributions' doesn't match 'PUT /logout
2018-07-12 02:32:49 DEBUG o.s.s.w.u.matcher.OrRequestMatcher - Trying to match using Ant [pattern='/logout', DELETE]
2018-07-12 02:32:49 DEBUG o.s.s.w.u.m.AntPathRequestMatcher - Request 'OPTIONS /app/rest/contributions' doesn't match 'DELETE /logout
2018-07-12 02:32:49 DEBUG o.s.s.w.u.matcher.OrRequestMatcher - No matches found
2018-07-12 02:32:49 DEBUG o.s.security.web.FilterChainProxy - /app/rest/contributions at position 5 of 9 in additional filter chain; firing Filter: 'RequestCacheAwareFilter'
2018-07-12 02:32:49 DEBUG o.s.s.w.u.m.AntPathRequestMatcher - Request 'OPTIONS /app/rest/contributions' doesn't match 'GET /logout
2018-07-12 02:32:49 DEBUG o.s.security.web.FilterChainProxy - /app/rest/contributions at position 6 of 9 in additional filter chain; firing Filter: 'SecurityContextHolderAwareRequestFilter'
2018-07-12 02:32:49 DEBUG o.s.s.w.u.matcher.OrRequestMatcher - Trying to match using Ant [pattern='/logout', POST]
2018-07-12 02:32:49 DEBUG o.s.s.w.u.m.AntPathRequestMatcher - Request 'OPTIONS /app/rest/contributions' doesn't match 'POST /logout
2018-07-12 02:32:49 DEBUG o.s.s.w.u.matcher.OrRequestMatcher - Trying to match using Ant [pattern='/logout', PUT]
2018-07-12 02:32:49 DEBUG o.s.s.w.u.m.AntPathRequestMatcher - Request 'OPTIONS /app/rest/contributions' doesn't match 'PUT /logout
2018-07-12 02:32:49 DEBUG o.s.s.w.u.matcher.OrRequestMatcher - Trying to match using Ant [pattern='/logout', DELETE]
2018-07-12 02:32:49 DEBUG o.s.s.w.u.m.AntPathRequestMatcher - Request 'OPTIONS /app/rest/contributions' doesn't match 'DELETE /logout
2018-07-12 02:32:49 DEBUG o.s.s.w.u.matcher.OrRequestMatcher - No matches found
2018-07-12 02:32:49 DEBUG o.s.security.web.FilterChainProxy - /app/rest/contributions at position 7 of 9 in additional filter chain; firing Filter: 'AnonymousAuthenticationFilter'
2018-07-12 02:32:49 DEBUG o.s.security.web.FilterChainProxy - /app/rest/contributions at position 5 of 9 in additional filter chain; firing Filter: 'RequestCacheAwareFilter'
2018-07-12 02:32:49 DEBUG o.s.security.web.FilterChainProxy - /app/rest/contributions at position 6 of 9 in additional filter chain; firing Filter: 'SecurityContextHolderAwareRequestFilter'
2018-07-12 02:32:49 DEBUG o.s.security.web.FilterChainProxy - /app/rest/contributions at position 7 of 9 in additional filter chain; firing Filter: 'AnonymousAuthenticationFilter'
2018-07-12 02:32:49 DEBUG o.s.s.w.a.AnonymousAuthenticationFilter - Populated SecurityContextHolder with anonymous token: 'org.springframework.security.authentication.AnonymousAuthenticationToken@8e0e07f3: Principal: anonymousUser; Credentials: [PROTECTED]; Authenticated: true; Details: org.springframework.security.web.authentication.WebAuthenticationDetails@b364: RemoteIpAddress: 0:0:0:0:0:0:0:1; SessionId: null; Granted Authorities: ROLE_ANONYMOUS'
2018-07-12 02:32:49 DEBUG o.s.security.web.FilterChainProxy - /app/rest/contributions at position 8 of 9 in additional filter chain; firing Filter: 'SessionManagementFilter'
2018-07-12 02:32:49 DEBUG o.s.security.web.FilterChainProxy - /app/rest/contributions at position 9 of 9 in additional filter chain; firing Filter: 'ExceptionTranslationFilter'
2018-07-12 02:32:49 DEBUG o.s.security.web.FilterChainProxy - /app/rest/contributions reached end of additional filter chain; proceeding with original chain
2018-07-12 02:32:49 DEBUG o.s.s.w.a.AnonymousAuthenticationFilter - Populated SecurityContextHolder with anonymous token: 'org.springframework.security.authentication.AnonymousAuthenticationToken@8e0e07f3: Principal: anonymousUser; Credentials: [PROTECTED]; Authenticated: true; Details: org.springframework.security.web.authentication.WebAuthenticationDetails@b364: RemoteIpAddress: 0:0:0:0:0:0:0:1; SessionId: null; Granted Authorities: ROLE_ANONYMOUS'
2018-07-12 02:32:49 DEBUG o.s.security.web.FilterChainProxy - /app/rest/contributions at position 8 of 9 in additional filter chain; firing Filter: 'SessionManagementFilter'
2018-07-12 02:32:49 DEBUG o.s.security.web.FilterChainProxy - /app/rest/contributions at position 9 of 9 in additional filter chain; firing Filter: 'ExceptionTranslationFilter'
2018-07-12 02:32:49 DEBUG o.s.security.web.FilterChainProxy - /app/rest/contributions reached end of additional filter chain; proceeding with original chain
2018-07-12 02:32:49 DEBUG o.s.web.servlet.DispatcherServlet - DispatcherServlet with name 'appDispatcher' processing OPTIONS request for [/neurorehabapp/app/rest/contributions]
2018-07-12 02:32:49 DEBUG o.s.web.servlet.DispatcherServlet - DispatcherServlet with name 'appDispatcher' processing OPTIONS request for [/neurorehabapp/app/rest/contributions]
2018-07-12 02:32:49 DEBUG o.s.w.s.m.m.a.RequestMappingHandlerMapping - Looking up handler method for path /app/rest/contributions
2018-07-12 02:32:49 DEBUG o.s.w.s.m.m.a.RequestMappingHandlerMapping - Looking up handler method for path /app/rest/contributions
2018-07-12 02:32:49 DEBUG o.s.w.s.m.m.a.RequestMappingHandlerMapping - Returning handler method [public com.app.neurorehab.controller.model.Response.ContributionResponse.KanbanResponseBody com.app.neurorehab.controller.ContributionController.getAllContributions(com.app.neurorehab.controller.model.Request.ContributionsRequest)]
2018-07-12 02:32:49 DEBUG o.s.b.f.s.DefaultListableBeanFactory - Returning cached instance of singleton bean 'contributionController'
2018-07-12 02:32:49 DEBUG o.s.web.servlet.DispatcherServlet - Null ModelAndView returned to DispatcherServlet with name 'appDispatcher': assuming HandlerAdapter completed request handling
2018-07-12 02:32:49 DEBUG o.s.web.servlet.DispatcherServlet - Successfully completed request
2018-07-12 02:32:49 DEBUG o.s.s.w.a.ExceptionTranslationFilter - Chain processed normally
2018-07-12 02:32:49 DEBUG o.s.s.w.h.writers.HstsHeaderWriter - Not injecting HSTS header since it did not match the requestMatcher org.springframework.security.web.header.writers.HstsHeaderWriter$SecureRequestMatcher@428b91ad
2018-07-12 02:32:49 DEBUG o.s.s.w.c.SecurityContextPersistenceFilter - SecurityContextHolder now cleared, as request processing completed
2018-07-12 02:32:49 DEBUG o.s.w.s.m.m.a.RequestMappingHandlerMapping - Returning handler method [public com.app.neurorehab.controller.model.Response.ContributionResponse.KanbanResponseBody com.app.neurorehab.controller.ContributionController.getAllContributions(com.app.neurorehab.controller.model.Request.ContributionsRequest)]
2018-07-12 02:32:49 DEBUG o.s.b.f.s.DefaultListableBeanFactory - Returning cached instance of singleton bean 'contributionController'
2018-07-12 02:32:49 DEBUG o.s.web.servlet.DispatcherServlet - Null ModelAndView returned to DispatcherServlet with name 'appDispatcher': assuming HandlerAdapter completed request handling
2018-07-12 02:32:49 DEBUG o.s.web.servlet.DispatcherServlet - Successfully completed request
2018-07-12 02:32:49 DEBUG o.s.s.w.a.ExceptionTranslationFilter - Chain processed normally
2018-07-12 02:32:49 DEBUG o.s.s.w.h.writers.HstsHeaderWriter - Not injecting HSTS header since it did not match the requestMatcher org.springframework.security.web.header.writers.HstsHeaderWriter$SecureRequestMatcher@428b91ad
2018-07-12 02:32:49 DEBUG o.s.s.w.c.SecurityContextPersistenceFilter - SecurityContextHolder now cleared, as request processing completed
2018-07-12 02:32:50 DEBUG o.s.security.web.FilterChainProxy - /app/rest/contributions at position 1 of 9 in additional filter chain; firing Filter: 'WebAsyncManagerIntegrationFilter'
2018-07-12 02:32:50 DEBUG o.s.security.web.FilterChainProxy - /app/rest/contributions at position 1 of 9 in additional filter chain; firing Filter: 'WebAsyncManagerIntegrationFilter'
2018-07-12 02:32:50 DEBUG o.s.security.web.FilterChainProxy - /app/rest/contributions at position 2 of 9 in additional filter chain; firing Filter: 'SecurityContextPersistenceFilter'
2018-07-12 02:32:50 DEBUG o.s.security.web.FilterChainProxy - /app/rest/contributions at position 2 of 9 in additional filter chain; firing Filter: 'SecurityContextPersistenceFilter'
2018-07-12 02:32:50 DEBUG o.s.security.web.FilterChainProxy - /app/rest/contributions at position 3 of 9 in additional filter chain; firing Filter: 'HeaderWriterFilter'
2018-07-12 02:32:50 DEBUG o.s.security.web.FilterChainProxy - /app/rest/contributions at position 3 of 9 in additional filter chain; firing Filter: 'HeaderWriterFilter'
2018-07-12 02:32:50 DEBUG o.s.security.web.FilterChainProxy - /app/rest/contributions at position 4 of 9 in additional filter chain; firing Filter: 'LogoutFilter'
2018-07-12 02:32:50 DEBUG o.s.security.web.FilterChainProxy - /app/rest/contributions at position 4 of 9 in additional filter chain; firing Filter: 'LogoutFilter'
2018-07-12 02:32:50 DEBUG o.s.s.w.u.matcher.OrRequestMatcher - Trying to match using Ant [pattern='/logout', GET]
2018-07-12 02:32:50 DEBUG o.s.s.w.u.m.AntPathRequestMatcher - Request 'POST /app/rest/contributions' doesn't match 'GET /logout
2018-07-12 02:32:50 DEBUG o.s.s.w.u.matcher.OrRequestMatcher - Trying to match using Ant [pattern='/logout', POST]
2018-07-12 02:32:50 DEBUG o.s.s.w.u.m.AntPathRequestMatcher - Checking match of request : '/app/rest/contributions'; against '/logout'
2018-07-12 02:32:50 DEBUG o.s.s.w.u.matcher.OrRequestMatcher - Trying to match using Ant [pattern='/logout', GET]
2018-07-12 02:32:50 DEBUG o.s.s.w.u.m.AntPathRequestMatcher - Request 'POST /app/rest/contributions' doesn't match 'GET /logout
2018-07-12 02:32:50 DEBUG o.s.s.w.u.matcher.OrRequestMatcher - Trying to match using Ant [pattern='/logout', POST]
2018-07-12 02:32:50 DEBUG o.s.s.w.u.m.AntPathRequestMatcher - Checking match of request : '/app/rest/contributions'; against '/logout'
2018-07-12 02:32:50 DEBUG o.s.s.w.u.matcher.OrRequestMatcher - Trying to match using Ant [pattern='/logout', PUT]
2018-07-12 02:32:50 DEBUG o.s.s.w.u.m.AntPathRequestMatcher - Request 'POST /app/rest/contributions' doesn't match 'PUT /logout
2018-07-12 02:32:50 DEBUG o.s.s.w.u.matcher.OrRequestMatcher - Trying to match using Ant [pattern='/logout', DELETE]
2018-07-12 02:32:50 DEBUG o.s.s.w.u.m.AntPathRequestMatcher - Request 'POST /app/rest/contributions' doesn't match 'DELETE /logout
2018-07-12 02:32:50 DEBUG o.s.s.w.u.matcher.OrRequestMatcher - No matches found
2018-07-12 02:32:50 DEBUG o.s.security.web.FilterChainProxy - /app/rest/contributions at position 5 of 9 in additional filter chain; firing Filter: 'RequestCacheAwareFilter'
2018-07-12 02:32:50 DEBUG o.s.security.web.FilterChainProxy - /app/rest/contributions at position 6 of 9 in additional filter chain; firing Filter: 'SecurityContextHolderAwareRequestFilter'
2018-07-12 02:32:50 DEBUG o.s.security.web.FilterChainProxy - /app/rest/contributions at position 7 of 9 in additional filter chain; firing Filter: 'AnonymousAuthenticationFilter'
2018-07-12 02:32:50 DEBUG o.s.s.w.u.matcher.OrRequestMatcher - Trying to match using Ant [pattern='/logout', PUT]
2018-07-12 02:32:50 DEBUG o.s.s.w.u.m.AntPathRequestMatcher - Request 'POST /app/rest/contributions' doesn't match 'PUT /logout
2018-07-12 02:32:50 DEBUG o.s.s.w.u.matcher.OrRequestMatcher - Trying to match using Ant [pattern='/logout', DELETE]
2018-07-12 02:32:50 DEBUG o.s.s.w.u.m.AntPathRequestMatcher - Request 'POST /app/rest/contributions' doesn't match 'DELETE /logout
2018-07-12 02:32:50 DEBUG o.s.s.w.u.matcher.OrRequestMatcher - No matches found
2018-07-12 02:32:50 DEBUG o.s.security.web.FilterChainProxy - /app/rest/contributions at position 5 of 9 in additional filter chain; firing Filter: 'RequestCacheAwareFilter'
2018-07-12 02:32:50 DEBUG o.s.security.web.FilterChainProxy - /app/rest/contributions at position 6 of 9 in additional filter chain; firing Filter: 'SecurityContextHolderAwareRequestFilter'
2018-07-12 02:32:50 DEBUG o.s.security.web.FilterChainProxy - /app/rest/contributions at position 7 of 9 in additional filter chain; firing Filter: 'AnonymousAuthenticationFilter'
2018-07-12 02:32:50 DEBUG o.s.s.w.a.AnonymousAuthenticationFilter - Populated SecurityContextHolder with anonymous token: 'org.springframework.security.authentication.AnonymousAuthenticationToken@8e0e07f3: Principal: anonymousUser; Credentials: [PROTECTED]; Authenticated: true; Details: org.springframework.security.web.authentication.WebAuthenticationDetails@b364: RemoteIpAddress: 0:0:0:0:0:0:0:1; SessionId: null; Granted Authorities: ROLE_ANONYMOUS'
2018-07-12 02:32:50 DEBUG o.s.s.w.a.AnonymousAuthenticationFilter - Populated SecurityContextHolder with anonymous token: 'org.springframework.security.authentication.AnonymousAuthenticationToken@8e0e07f3: Principal: anonymousUser; Credentials: [PROTECTED]; Authenticated: true; Details: org.springframework.security.web.authentication.WebAuthenticationDetails@b364: RemoteIpAddress: 0:0:0:0:0:0:0:1; SessionId: null; Granted Authorities: ROLE_ANONYMOUS'
2018-07-12 02:32:50 DEBUG o.s.security.web.FilterChainProxy - /app/rest/contributions at position 8 of 9 in additional filter chain; firing Filter: 'SessionManagementFilter'
2018-07-12 02:32:50 DEBUG o.s.security.web.FilterChainProxy - /app/rest/contributions at position 8 of 9 in additional filter chain; firing Filter: 'SessionManagementFilter'
2018-07-12 02:32:50 DEBUG o.s.security.web.FilterChainProxy - /app/rest/contributions at position 9 of 9 in additional filter chain; firing Filter: 'ExceptionTranslationFilter'
2018-07-12 02:32:50 DEBUG o.s.security.web.FilterChainProxy - /app/rest/contributions reached end of additional filter chain; proceeding with original chain
2018-07-12 02:32:50 DEBUG o.s.security.web.FilterChainProxy - /app/rest/contributions at position 9 of 9 in additional filter chain; firing Filter: 'ExceptionTranslationFilter'
2018-07-12 02:32:50 DEBUG o.s.security.web.FilterChainProxy - /app/rest/contributions reached end of additional filter chain; proceeding with original chain
2018-07-12 02:32:50 DEBUG o.s.web.servlet.DispatcherServlet - DispatcherServlet with name 'appDispatcher' processing POST request for [/neurorehabapp/app/rest/contributions]
2018-07-12 02:32:50 DEBUG o.s.w.s.m.m.a.RequestMappingHandlerMapping - Looking up handler method for path /app/rest/contributions
2018-07-12 02:32:50 DEBUG o.s.web.servlet.DispatcherServlet - DispatcherServlet with name 'appDispatcher' processing POST request for [/neurorehabapp/app/rest/contributions]
2018-07-12 02:32:50 DEBUG o.s.w.s.m.m.a.RequestMappingHandlerMapping - Looking up handler method for path /app/rest/contributions
2018-07-12 02:32:50 DEBUG o.s.w.s.m.m.a.RequestMappingHandlerMapping - Returning handler method [public com.app.neurorehab.controller.model.Response.ContributionResponse.KanbanResponseBody com.app.neurorehab.controller.ContributionController.getAllContributions(com.app.neurorehab.controller.model.Request.ContributionsRequest)]
2018-07-12 02:32:50 DEBUG o.s.b.f.s.DefaultListableBeanFactory - Returning cached instance of singleton bean 'contributionController'
2018-07-12 02:32:50 DEBUG o.s.w.s.m.m.a.RequestMappingHandlerMapping - Returning handler method [public com.app.neurorehab.controller.model.Response.ContributionResponse.KanbanResponseBody com.app.neurorehab.controller.ContributionController.getAllContributions(com.app.neurorehab.controller.model.Request.ContributionsRequest)]
2018-07-12 02:32:50 DEBUG o.s.b.f.s.DefaultListableBeanFactory - Returning cached instance of singleton bean 'contributionController'
2018-07-12 02:32:50 DEBUG o.s.w.s.m.m.a.RequestResponseBodyMethodProcessor - Read [class com.app.neurorehab.controller.model.Request.ContributionsRequest] as "application/json;charset=UTF-8" with [org.springframework.http.converter.json.MappingJackson2HttpMessageConverter@7bf61e98]
2018-07-12 02:32:50 DEBUG o.s.w.s.m.m.a.RequestResponseBodyMethodProcessor - Read [class com.app.neurorehab.controller.model.Request.ContributionsRequest] as "application/json;charset=UTF-8" with [org.springframework.http.converter.json.MappingJackson2HttpMessageConverter@7bf61e98]
2018-07-12 02:32:50 DEBUG o.s.core.annotation.AnnotationUtils - Failed to meta-introspect annotation class com.sun.proxy.$Proxy220: java.lang.NoSuchMethodException: javax.validation.Valid.value()
2018-07-12 02:32:50 DEBUG o.s.core.annotation.AnnotationUtils - Failed to meta-introspect annotation class com.sun.proxy.$Proxy220: java.lang.NoSuchMethodException: javax.validation.Valid.value()
2018-07-12 02:32:50 DEBUG c.a.n.c.ContributionController - Getting all contributions
2018-07-12 02:32:50 DEBUG c.a.n.c.ContributionController - Getting all contributions
2018-07-12 02:32:50 DEBUG o.s.orm.jpa.JpaTransactionManager - Creating new transaction with name [com.app.neurorehab.service.ContributionService.getAllContributionsAsKanban]: PROPAGATION_REQUIRED,ISOLATION_DEFAULT; ''
2018-07-12 02:32:50 DEBUG o.s.orm.jpa.JpaTransactionManager - Creating new transaction with name [com.app.neurorehab.service.ContributionService.getAllContributionsAsKanban]: PROPAGATION_REQUIRED,ISOLATION_DEFAULT; ''
2018-07-12 02:32:50 DEBUG o.s.orm.jpa.JpaTransactionManager - Opened new EntityManager [SessionImpl(PersistenceContext[entityKeys=[],collectionKeys=[]];ActionQueue[insertions=ExecutableList{size=0} updates=ExecutableList{size=0} deletions=ExecutableList{size=0} orphanRemovals=ExecutableList{size=0} collectionCreations=ExecutableList{size=0} collectionRemovals=ExecutableList{size=0} collectionUpdates=ExecutableList{size=0} collectionQueuedOps=ExecutableList{size=0} unresolvedInsertDependencies=null])] for JPA transaction
2018-07-12 02:32:50 DEBUG o.s.orm.jpa.JpaTransactionManager - Opened new EntityManager [SessionImpl(PersistenceContext[entityKeys=[],collectionKeys=[]];ActionQueue[insertions=ExecutableList{size=0} updates=ExecutableList{size=0} deletions=ExecutableList{size=0} orphanRemovals=ExecutableList{size=0} collectionCreations=ExecutableList{size=0} collectionRemovals=ExecutableList{size=0} collectionUpdates=ExecutableList{size=0} collectionQueuedOps=ExecutableList{size=0} unresolvedInsertDependencies=null])] for JPA transaction
2018-07-12 02:32:50 DEBUG o.s.j.d.DriverManagerDataSource - Creating new JDBC DriverManager Connection to [jdbc:mysql://localhost:3306/neurorehab_app_schema?serverTimezone=UTC]
2018-07-12 02:32:50 DEBUG o.s.j.d.DriverManagerDataSource - Creating new JDBC DriverManager Connection to [jdbc:mysql://localhost:3306/neurorehab_app_schema?serverTimezone=UTC]
2018-07-12 02:32:50 DEBUG o.s.orm.jpa.JpaTransactionManager - Exposing JPA transaction as JDBC transaction [org.springframework.orm.jpa.vendor.HibernateJpaDialect$HibernateConnectionHandle@5c37b8ec]
2018-07-12 02:32:50 DEBUG c.a.n.service.ContributionService - Getting all contributions
2018-07-12 02:32:50 DEBUG c.a.n.p.ContributionPersistenceService - Getting all contributions
2018-07-12 02:32:50 DEBUG o.s.orm.jpa.JpaTransactionManager - Found thread-bound EntityManager [SessionImpl(PersistenceContext[entityKeys=[],collectionKeys=[]];ActionQueue[insertions=ExecutableList{size=0} updates=ExecutableList{size=0} deletions=ExecutableList{size=0} orphanRemovals=ExecutableList{size=0} collectionCreations=ExecutableList{size=0} collectionRemovals=ExecutableList{size=0} collectionUpdates=ExecutableList{size=0} collectionQueuedOps=ExecutableList{size=0} unresolvedInsertDependencies=null])] for JPA transaction
2018-07-12 02:32:50 DEBUG o.s.orm.jpa.JpaTransactionManager - Participating in existing transaction
2018-07-12 02:32:50 DEBUG o.s.orm.jpa.JpaTransactionManager - Exposing JPA transaction as JDBC transaction [org.springframework.orm.jpa.vendor.HibernateJpaDialect$HibernateConnectionHandle@b1a1a1d]
2018-07-12 02:32:50 DEBUG c.a.n.service.ContributionService - Getting all contributions
2018-07-12 02:32:50 DEBUG c.a.n.p.ContributionPersistenceService - Getting all contributions
2018-07-12 02:32:50 DEBUG o.s.orm.jpa.JpaTransactionManager - Found thread-bound EntityManager [SessionImpl(PersistenceContext[entityKeys=[],collectionKeys=[]];ActionQueue[insertions=ExecutableList{size=0} updates=ExecutableList{size=0} deletions=ExecutableList{size=0} orphanRemovals=ExecutableList{size=0} collectionCreations=ExecutableList{size=0} collectionRemovals=ExecutableList{size=0} collectionUpdates=ExecutableList{size=0} collectionQueuedOps=ExecutableList{size=0} unresolvedInsertDependencies=null])] for JPA transaction
2018-07-12 02:32:50 DEBUG o.s.orm.jpa.JpaTransactionManager - Participating in existing transaction
2018-07-12 02:32:50 DEBUG c.a.n.p.ContributionPersistenceService - Returning all contributions
2018-07-12 02:32:50 DEBUG c.a.n.p.m.ContributionKanbanPersistenceMapper - Mapping contributions to kanban format..
2018-07-12 02:32:50 DEBUG c.a.n.p.ContributionPersistenceService - Returning all contributions
2018-07-12 02:32:50 DEBUG c.a.n.p.m.ContributionKanbanPersistenceMapper - Mapping contributions to kanban format..
2018-07-12 02:32:50 DEBUG c.a.n.p.m.ContributionKanbanPersistenceMapper - Successfully mapped contributions to kanban data format..
2018-07-12 02:32:50 DEBUG c.a.n.service.ContributionService - Returning all contributions
2018-07-12 02:32:50 DEBUG o.s.orm.jpa.JpaTransactionManager - Initiating transaction commit
2018-07-12 02:32:50 DEBUG o.s.orm.jpa.JpaTransactionManager - Committing JPA transaction on EntityManager [SessionImpl(PersistenceContext[entityKeys=[EntityKey[com.app.neurorehab.persistence.model.ProfilePersistenceModel#13], EntityKey[com.app.neurorehab.persistence.model.TrainingPersistenceModel#1], EntityKey[com.app.neurorehab.persistence.model.ProfilePersistenceModel#10], EntityKey[com.app.neurorehab.persistence.model.ContributionPersistenceModel#10], EntityKey[com.app.neurorehab.persistence.model.TrainingResultsPersistenceModel#3], EntityKey[com.app.neurorehab.persistence.model.ContributionPersistenceModel#13], EntityKey[com.app.neurorehab.persistence.model.UserPersistenceModel#26], EntityKey[com.app.neurorehab.persistence.model.ContributionPersistenceModel#14], EntityKey[com.app.neurorehab.persistence.model.UserPersistenceModel#11], EntityKey[com.app.neurorehab.persistence.model.TrainingPersistenceModel#4], EntityKey[com.app.neurorehab.persistence.model.TrainingPersistenceModel#5]],collectionKeys=[CollectionKey[com.app.neurorehab.persistence.model.UserPersistenceModel.contributionPersistenceModels#26], CollectionKey[com.app.neurorehab.persistence.model.UserPersistenceModel.trainingResultsPersistenceModels#26], CollectionKey[com.app.neurorehab.persistence.model.UserPersistenceModel.contributionPersistenceModels#11], CollectionKey[com.app.neurorehab.persistence.model.UserPersistenceModel.trainingResultsPersistenceModels#11], CollectionKey[com.app.neurorehab.persistence.model.UserPersistenceModel.rolePersistenceModels#11], CollectionKey[com.app.neurorehab.persistence.model.UserPersistenceModel.rolePersistenceModels#26]]];ActionQueue[insertions=ExecutableList{size=0} updates=ExecutableList{size=0} deletions=ExecutableList{size=0} orphanRemovals=ExecutableList{size=0} collectionCreations=ExecutableList{size=0} collectionRemovals=ExecutableList{size=0} collectionUpdates=ExecutableList{size=0} collectionQueuedOps=ExecutableList{size=0} unresolvedInsertDependencies=null])]
2018-07-12 02:32:50 DEBUG c.a.n.p.m.ContributionKanbanPersistenceMapper - Successfully mapped contributions to kanban data format..
2018-07-12 02:32:50 DEBUG o.s.orm.jpa.JpaTransactionManager - Closing JPA EntityManager [SessionImpl(PersistenceContext[entityKeys=[EntityKey[com.app.neurorehab.persistence.model.ProfilePersistenceModel#13], EntityKey[com.app.neurorehab.persistence.model.TrainingPersistenceModel#1], EntityKey[com.app.neurorehab.persistence.model.ProfilePersistenceModel#10], EntityKey[com.app.neurorehab.persistence.model.ContributionPersistenceModel#10], EntityKey[com.app.neurorehab.persistence.model.TrainingResultsPersistenceModel#3], EntityKey[com.app.neurorehab.persistence.model.ContributionPersistenceModel#13], EntityKey[com.app.neurorehab.persistence.model.UserPersistenceModel#26], EntityKey[com.app.neurorehab.persistence.model.ContributionPersistenceModel#14], EntityKey[com.app.neurorehab.persistence.model.UserPersistenceModel#11], EntityKey[com.app.neurorehab.persistence.model.TrainingPersistenceModel#4], EntityKey[com.app.neurorehab.persistence.model.TrainingPersistenceModel#5]],collectionKeys=[CollectionKey[com.app.neurorehab.persistence.model.UserPersistenceModel.contributionPersistenceModels#26], CollectionKey[com.app.neurorehab.persistence.model.UserPersistenceModel.trainingResultsPersistenceModels#26], CollectionKey[com.app.neurorehab.persistence.model.UserPersistenceModel.contributionPersistenceModels#11], CollectionKey[com.app.neurorehab.persistence.model.UserPersistenceModel.trainingResultsPersistenceModels#11], CollectionKey[com.app.neurorehab.persistence.model.UserPersistenceModel.rolePersistenceModels#11], CollectionKey[com.app.neurorehab.persistence.model.UserPersistenceModel.rolePersistenceModels#26]]];ActionQueue[insertions=ExecutableList{size=0} updates=ExecutableList{size=0} deletions=ExecutableList{size=0} orphanRemovals=ExecutableList{size=0} collectionCreations=ExecutableList{size=0} collectionRemovals=ExecutableList{size=0} collectionUpdates=ExecutableList{size=0} collectionQueuedOps=ExecutableList{size=0} unresolvedInsertDependencies=null])] after transaction
2018-07-12 02:32:50 DEBUG o.s.o.jpa.EntityManagerFactoryUtils - Closing JPA EntityManager
2018-07-12 02:32:50 DEBUG c.a.n.service.ContributionService - Returning all contributions
2018-07-12 02:32:50 DEBUG o.s.orm.jpa.JpaTransactionManager - Initiating transaction commit
2018-07-12 02:32:50 DEBUG c.a.n.c.ContributionController - Returning all contributions
2018-07-12 02:32:50 DEBUG o.s.orm.jpa.JpaTransactionManager - Committing JPA transaction on EntityManager [SessionImpl(PersistenceContext[entityKeys=[EntityKey[com.app.neurorehab.persistence.model.ContributionPersistenceModel#20], EntityKey[com.app.neurorehab.persistence.model.ContributionPersistenceModel#24], EntityKey[com.app.neurorehab.persistence.model.ProfilePersistenceModel#10], EntityKey[com.app.neurorehab.persistence.model.TrainingPersistenceModel#10], EntityKey[com.app.neurorehab.persistence.model.TrainingResultsPersistenceModel#2], EntityKey[com.app.neurorehab.persistence.model.ProfilePersistenceModel#12], EntityKey[com.app.neurorehab.persistence.model.UserPersistenceModel#25], EntityKey[com.app.neurorehab.persistence.model.TrainingPersistenceModel#5], EntityKey[com.app.neurorehab.persistence.model.RolePersistenceModel#1], EntityKey[com.app.neurorehab.persistence.model.TrainingPersistenceModel#3], EntityKey[com.app.neurorehab.persistence.model.TrainingPersistenceModel#1], EntityKey[com.app.neurorehab.persistence.model.ContributionPersistenceModel#10], EntityKey[com.app.neurorehab.persistence.model.UserPersistenceModel#32], EntityKey[com.app.neurorehab.persistence.model.ContributionPersistenceModel#12], EntityKey[com.app.neurorehab.persistence.model.UserPersistenceModel#11], EntityKey[com.app.neurorehab.persistence.model.ContributionPersistenceModel#14]],collectionKeys=[CollectionKey[com.app.neurorehab.persistence.model.UserPersistenceModel.contributionPersistenceModels#11], CollectionKey[com.app.neurorehab.persistence.model.UserPersistenceModel.trainingResultsPersistenceModels#11], CollectionKey[com.app.neurorehab.persistence.model.UserPersistenceModel.rolePersistenceModels#32], CollectionKey[com.app.neurorehab.persistence.model.UserPersistenceModel.trainingResultsPersistenceModels#32], CollectionKey[com.app.neurorehab.persistence.model.UserPersistenceModel.contributionPersistenceModels#25], CollectionKey[com.app.neurorehab.persistence.model.UserPersistenceModel.rolePersistenceModels#25], CollectionKey[com.app.neurorehab.persistence.model.UserPersistenceModel.rolePersistenceModels#11], CollectionKey[com.app.neurorehab.persistence.model.UserPersistenceModel.contributionPersistenceModels#32], CollectionKey[com.app.neurorehab.persistence.model.UserPersistenceModel.trainingResultsPersistenceModels#25]]];ActionQueue[insertions=ExecutableList{size=0} updates=ExecutableList{size=0} deletions=ExecutableList{size=0} orphanRemovals=ExecutableList{size=0} collectionCreations=ExecutableList{size=0} collectionRemovals=ExecutableList{size=0} collectionUpdates=ExecutableList{size=0} collectionQueuedOps=ExecutableList{size=0} unresolvedInsertDependencies=null])]
2018-07-12 02:32:50 DEBUG o.s.orm.jpa.JpaTransactionManager - Closing JPA EntityManager [SessionImpl(PersistenceContext[entityKeys=[EntityKey[com.app.neurorehab.persistence.model.ContributionPersistenceModel#20], EntityKey[com.app.neurorehab.persistence.model.ContributionPersistenceModel#24], EntityKey[com.app.neurorehab.persistence.model.ProfilePersistenceModel#10], EntityKey[com.app.neurorehab.persistence.model.TrainingPersistenceModel#10], EntityKey[com.app.neurorehab.persistence.model.TrainingResultsPersistenceModel#2], EntityKey[com.app.neurorehab.persistence.model.ProfilePersistenceModel#12], EntityKey[com.app.neurorehab.persistence.model.UserPersistenceModel#25], EntityKey[com.app.neurorehab.persistence.model.TrainingPersistenceModel#5], EntityKey[com.app.neurorehab.persistence.model.RolePersistenceModel#1], EntityKey[com.app.neurorehab.persistence.model.TrainingPersistenceModel#3], EntityKey[com.app.neurorehab.persistence.model.TrainingPersistenceModel#1], EntityKey[com.app.neurorehab.persistence.model.ContributionPersistenceModel#10], EntityKey[com.app.neurorehab.persistence.model.UserPersistenceModel#32], EntityKey[com.app.neurorehab.persistence.model.ContributionPersistenceModel#12], EntityKey[com.app.neurorehab.persistence.model.UserPersistenceModel#11], EntityKey[com.app.neurorehab.persistence.model.ContributionPersistenceModel#14]],collectionKeys=[CollectionKey[com.app.neurorehab.persistence.model.UserPersistenceModel.contributionPersistenceModels#11], CollectionKey[com.app.neurorehab.persistence.model.UserPersistenceModel.trainingResultsPersistenceModels#11], CollectionKey[com.app.neurorehab.persistence.model.UserPersistenceModel.rolePersistenceModels#32], CollectionKey[com.app.neurorehab.persistence.model.UserPersistenceModel.trainingResultsPersistenceModels#32], CollectionKey[com.app.neurorehab.persistence.model.UserPersistenceModel.contributionPersistenceModels#25], CollectionKey[com.app.neurorehab.persistence.model.UserPersistenceModel.rolePersistenceModels#25], CollectionKey[com.app.neurorehab.persistence.model.UserPersistenceModel.rolePersistenceModels#11], CollectionKey[com.app.neurorehab.persistence.model.UserPersistenceModel.contributionPersistenceModels#32], CollectionKey[com.app.neurorehab.persistence.model.UserPersistenceModel.trainingResultsPersistenceModels#25]]];ActionQueue[insertions=ExecutableList{size=0} updates=ExecutableList{size=0} deletions=ExecutableList{size=0} orphanRemovals=ExecutableList{size=0} collectionCreations=ExecutableList{size=0} collectionRemovals=ExecutableList{size=0} collectionUpdates=ExecutableList{size=0} collectionQueuedOps=ExecutableList{size=0} unresolvedInsertDependencies=null])] after transaction
2018-07-12 02:32:50 DEBUG o.s.o.jpa.EntityManagerFactoryUtils - Closing JPA EntityManager
2018-07-12 02:32:50 DEBUG c.a.n.c.ContributionController - Returning all contributions
2018-07-12 02:32:50 DEBUG o.s.s.w.h.writers.HstsHeaderWriter - Not injecting HSTS header since it did not match the requestMatcher org.springframework.security.web.header.writers.HstsHeaderWriter$SecureRequestMatcher@428b91ad
2018-07-12 02:32:50 DEBUG o.s.w.s.m.m.a.RequestResponseBodyMethodProcessor - Written [com.app.neurorehab.controller.model.Response.ContributionResponse.KanbanResponseBody@364f31a9] as "application/json" using [org.springframework.http.converter.json.MappingJackson2HttpMessageConverter@7bf61e98]
2018-07-12 02:32:50 DEBUG o.s.web.servlet.DispatcherServlet - Null ModelAndView returned to DispatcherServlet with name 'appDispatcher': assuming HandlerAdapter completed request handling
2018-07-12 02:32:50 DEBUG o.s.web.servlet.DispatcherServlet - Successfully completed request
2018-07-12 02:32:50 DEBUG o.s.s.w.a.ExceptionTranslationFilter - Chain processed normally
2018-07-12 02:32:50 DEBUG o.s.s.w.c.SecurityContextPersistenceFilter - SecurityContextHolder now cleared, as request processing completed
2018-07-12 02:32:50 DEBUG o.s.s.w.h.writers.HstsHeaderWriter - Not injecting HSTS header since it did not match the requestMatcher org.springframework.security.web.header.writers.HstsHeaderWriter$SecureRequestMatcher@428b91ad
2018-07-12 02:32:50 DEBUG o.s.w.s.m.m.a.RequestResponseBodyMethodProcessor - Written [com.app.neurorehab.controller.model.Response.ContributionResponse.KanbanResponseBody@2ce05e4f] as "application/json" using [org.springframework.http.converter.json.MappingJackson2HttpMessageConverter@7bf61e98]
2018-07-12 02:32:50 DEBUG o.s.web.servlet.DispatcherServlet - Null ModelAndView returned to DispatcherServlet with name 'appDispatcher': assuming HandlerAdapter completed request handling
2018-07-12 02:32:50 DEBUG o.s.web.servlet.DispatcherServlet - Successfully completed request
2018-07-12 02:32:50 DEBUG o.s.s.w.a.ExceptionTranslationFilter - Chain processed normally
2018-07-12 02:32:50 DEBUG o.s.s.w.c.SecurityContextPersistenceFilter - SecurityContextHolder now cleared, as request processing completed
2018-07-12 02:35:01 DEBUG o.s.security.web.FilterChainProxy - /app/rest/training/attention at position 1 of 9 in additional filter chain; firing Filter: 'WebAsyncManagerIntegrationFilter'
2018-07-12 02:35:01 DEBUG o.s.security.web.FilterChainProxy - /app/rest/training/attention at position 2 of 9 in additional filter chain; firing Filter: 'SecurityContextPersistenceFilter'
2018-07-12 02:35:01 DEBUG o.s.security.web.FilterChainProxy - /app/rest/training/attention at position 3 of 9 in additional filter chain; firing Filter: 'HeaderWriterFilter'
2018-07-12 02:35:01 DEBUG o.s.security.web.FilterChainProxy - /app/rest/training/attention at position 4 of 9 in additional filter chain; firing Filter: 'LogoutFilter'
2018-07-12 02:35:01 DEBUG o.s.s.w.u.matcher.OrRequestMatcher - Trying to match using Ant [pattern='/logout', GET]
2018-07-12 02:35:01 DEBUG o.s.s.w.u.m.AntPathRequestMatcher - Request 'OPTIONS /app/rest/training/attention' doesn't match 'GET /logout
2018-07-12 02:35:01 DEBUG o.s.s.w.u.matcher.OrRequestMatcher - Trying to match using Ant [pattern='/logout', POST]
2018-07-12 02:35:01 DEBUG o.s.s.w.u.m.AntPathRequestMatcher - Request 'OPTIONS /app/rest/training/attention' doesn't match 'POST /logout
2018-07-12 02:35:01 DEBUG o.s.s.w.u.matcher.OrRequestMatcher - Trying to match using Ant [pattern='/logout', PUT]
2018-07-12 02:35:01 DEBUG o.s.s.w.u.m.AntPathRequestMatcher - Request 'OPTIONS /app/rest/training/attention' doesn't match 'PUT /logout
2018-07-12 02:35:01 DEBUG o.s.s.w.u.matcher.OrRequestMatcher - Trying to match using Ant [pattern='/logout', DELETE]
2018-07-12 02:35:01 DEBUG o.s.s.w.u.m.AntPathRequestMatcher - Request 'OPTIONS /app/rest/training/attention' doesn't match 'DELETE /logout
2018-07-12 02:35:01 DEBUG o.s.s.w.u.matcher.OrRequestMatcher - No matches found
2018-07-12 02:35:01 DEBUG o.s.security.web.FilterChainProxy - /app/rest/training/attention at position 5 of 9 in additional filter chain; firing Filter: 'RequestCacheAwareFilter'
2018-07-12 02:35:01 DEBUG o.s.security.web.FilterChainProxy - /app/rest/training/attention at position 6 of 9 in additional filter chain; firing Filter: 'SecurityContextHolderAwareRequestFilter'
2018-07-12 02:35:01 DEBUG o.s.security.web.FilterChainProxy - /app/rest/training/attention at position 7 of 9 in additional filter chain; firing Filter: 'AnonymousAuthenticationFilter'
2018-07-12 02:35:01 DEBUG o.s.s.w.a.AnonymousAuthenticationFilter - Populated SecurityContextHolder with anonymous token: 'org.springframework.security.authentication.AnonymousAuthenticationToken@8e0e07f3: Principal: anonymousUser; Credentials: [PROTECTED]; Authenticated: true; Details: org.springframework.security.web.authentication.WebAuthenticationDetails@b364: RemoteIpAddress: 0:0:0:0:0:0:0:1; SessionId: null; Granted Authorities: ROLE_ANONYMOUS'
2018-07-12 02:35:01 DEBUG o.s.security.web.FilterChainProxy - /app/rest/training/attention at position 8 of 9 in additional filter chain; firing Filter: 'SessionManagementFilter'
2018-07-12 02:35:01 DEBUG o.s.security.web.FilterChainProxy - /app/rest/training/attention at position 9 of 9 in additional filter chain; firing Filter: 'ExceptionTranslationFilter'
2018-07-12 02:35:01 DEBUG o.s.security.web.FilterChainProxy - /app/rest/training/attention reached end of additional filter chain; proceeding with original chain
2018-07-12 02:35:01 DEBUG o.s.web.servlet.DispatcherServlet - DispatcherServlet with name 'appDispatcher' processing OPTIONS request for [/neurorehabapp/app/rest/training/attention]
2018-07-12 02:35:01 DEBUG o.s.w.s.m.m.a.RequestMappingHandlerMapping - Looking up handler method for path /app/rest/training/attention
2018-07-12 02:35:01 DEBUG o.s.w.s.m.m.a.RequestMappingHandlerMapping - Returning handler method [public java.util.Set<com.app.neurorehab.controller.model.TrainingControllerModel> com.app.neurorehab.controller.TrainingController.getTrainingData(java.lang.String)]
2018-07-12 02:35:01 DEBUG o.s.b.f.s.DefaultListableBeanFactory - Returning cached instance of singleton bean 'trainingController'
2018-07-12 02:35:01 DEBUG o.s.web.servlet.DispatcherServlet - Null ModelAndView returned to DispatcherServlet with name 'appDispatcher': assuming HandlerAdapter completed request handling
2018-07-12 02:35:01 DEBUG o.s.web.servlet.DispatcherServlet - Successfully completed request
2018-07-12 02:35:01 DEBUG o.s.s.w.a.ExceptionTranslationFilter - Chain processed normally
2018-07-12 02:35:01 DEBUG o.s.s.w.h.writers.HstsHeaderWriter - Not injecting HSTS header since it did not match the requestMatcher org.springframework.security.web.header.writers.HstsHeaderWriter$SecureRequestMatcher@428b91ad
2018-07-12 02:35:01 DEBUG o.s.s.w.c.SecurityContextPersistenceFilter - SecurityContextHolder now cleared, as request processing completed
2018-07-12 02:35:03 DEBUG o.s.security.web.FilterChainProxy - /app/rest/training/attention at position 1 of 9 in additional filter chain; firing Filter: 'WebAsyncManagerIntegrationFilter'
2018-07-12 02:35:03 DEBUG o.s.security.web.FilterChainProxy - /app/rest/training/attention at position 2 of 9 in additional filter chain; firing Filter: 'SecurityContextPersistenceFilter'
2018-07-12 02:35:03 DEBUG o.s.security.web.FilterChainProxy - /app/rest/training/attention at position 3 of 9 in additional filter chain; firing Filter: 'HeaderWriterFilter'
2018-07-12 02:35:03 DEBUG o.s.security.web.FilterChainProxy - /app/rest/training/attention at position 4 of 9 in additional filter chain; firing Filter: 'LogoutFilter'
2018-07-12 02:35:03 DEBUG o.s.s.w.u.matcher.OrRequestMatcher - Trying to match using Ant [pattern='/logout', GET]
2018-07-12 02:35:03 DEBUG o.s.s.w.u.m.AntPathRequestMatcher - Checking match of request : '/app/rest/training/attention'; against '/logout'
2018-07-12 02:35:03 DEBUG o.s.s.w.u.matcher.OrRequestMatcher - Trying to match using Ant [pattern='/logout', POST]
2018-07-12 02:35:03 DEBUG o.s.s.w.u.m.AntPathRequestMatcher - Request 'GET /app/rest/training/attention' doesn't match 'POST /logout
2018-07-12 02:35:03 DEBUG o.s.s.w.u.matcher.OrRequestMatcher - Trying to match using Ant [pattern='/logout', PUT]
2018-07-12 02:35:03 DEBUG o.s.s.w.u.m.AntPathRequestMatcher - Request 'GET /app/rest/training/attention' doesn't match 'PUT /logout
2018-07-12 02:35:03 DEBUG o.s.s.w.u.matcher.OrRequestMatcher - Trying to match using Ant [pattern='/logout', DELETE]
2018-07-12 02:35:03 DEBUG o.s.s.w.u.m.AntPathRequestMatcher - Request 'GET /app/rest/training/attention' doesn't match 'DELETE /logout
2018-07-12 02:35:03 DEBUG o.s.s.w.u.matcher.OrRequestMatcher - No matches found
2018-07-12 02:35:03 DEBUG o.s.security.web.FilterChainProxy - /app/rest/training/attention at position 5 of 9 in additional filter chain; firing Filter: 'RequestCacheAwareFilter'
2018-07-12 02:35:03 DEBUG o.s.security.web.FilterChainProxy - /app/rest/training/attention at position 6 of 9 in additional filter chain; firing Filter: 'SecurityContextHolderAwareRequestFilter'
2018-07-12 02:35:03 DEBUG o.s.security.web.FilterChainProxy - /app/rest/training/attention at position 7 of 9 in additional filter chain; firing Filter: 'AnonymousAuthenticationFilter'
2018-07-12 02:35:03 DEBUG o.s.s.w.a.AnonymousAuthenticationFilter - Populated SecurityContextHolder with anonymous token: 'org.springframework.security.authentication.AnonymousAuthenticationToken@8e0e07f3: Principal: anonymousUser; Credentials: [PROTECTED]; Authenticated: true; Details: org.springframework.security.web.authentication.WebAuthenticationDetails@b364: RemoteIpAddress: 0:0:0:0:0:0:0:1; SessionId: null; Granted Authorities: ROLE_ANONYMOUS'
2018-07-12 02:35:03 DEBUG o.s.security.web.FilterChainProxy - /app/rest/training/attention at position 8 of 9 in additional filter chain; firing Filter: 'SessionManagementFilter'
2018-07-12 02:35:03 DEBUG o.s.security.web.FilterChainProxy - /app/rest/training/attention at position 9 of 9 in additional filter chain; firing Filter: 'ExceptionTranslationFilter'
2018-07-12 02:35:03 DEBUG o.s.security.web.FilterChainProxy - /app/rest/training/attention reached end of additional filter chain; proceeding with original chain
2018-07-12 02:35:03 DEBUG o.s.web.servlet.DispatcherServlet - DispatcherServlet with name 'appDispatcher' processing GET request for [/neurorehabapp/app/rest/training/attention]
2018-07-12 02:35:03 DEBUG o.s.w.s.m.m.a.RequestMappingHandlerMapping - Looking up handler method for path /app/rest/training/attention
2018-07-12 02:35:03 DEBUG o.s.w.s.m.m.a.RequestMappingHandlerMapping - Returning handler method [public java.util.Set<com.app.neurorehab.controller.model.TrainingControllerModel> com.app.neurorehab.controller.TrainingController.getTrainingData(java.lang.String)]
2018-07-12 02:35:03 DEBUG o.s.b.f.s.DefaultListableBeanFactory - Returning cached instance of singleton bean 'trainingController'
2018-07-12 02:35:03 DEBUG o.s.web.servlet.DispatcherServlet - Last-Modified value for [/neurorehabapp/app/rest/training/attention] is: -1
2018-07-12 02:35:03 DEBUG c.a.n.controller.TrainingController - Finding training for training area: attention
2018-07-12 02:35:03 DEBUG c.a.n.d.model.DataTypes.TrainingArea - Training value: ATTENTION
2018-07-12 02:35:03 DEBUG c.a.n.d.model.DataTypes.TrainingArea - Training value: MEMORY
2018-07-12 02:35:03 DEBUG c.a.n.d.model.DataTypes.TrainingArea - Training value: EXECUTIVE_FUNCTION
2018-07-12 02:35:03 DEBUG c.a.n.d.model.DataTypes.TrainingArea - Training value: EMPLOYMENT
2018-07-12 02:35:03 DEBUG c.a.n.d.model.DataTypes.TrainingArea - Training value: SPEED
2018-07-12 02:35:03 DEBUG c.a.n.d.model.DataTypes.TrainingArea - Training value: COMMUNICATION
2018-07-12 02:35:03 DEBUG c.a.n.service.TrainingService - Finding training by area: ATTENTION
2018-07-12 02:35:03 DEBUG c.a.n.p.TrainingPersistenceService - Getting training by area: ATTENTION
2018-07-12 02:35:03 DEBUG o.s.o.j.SharedEntityManagerCreator$SharedEntityManagerInvocationHandler - Creating new EntityManager for shared EntityManager invocation
2018-07-12 02:35:03 DEBUG o.s.j.d.DriverManagerDataSource - Creating new JDBC DriverManager Connection to [jdbc:mysql://localhost:3306/neurorehab_app_schema?serverTimezone=UTC]
2018-07-12 02:35:03 DEBUG o.s.o.jpa.EntityManagerFactoryUtils - Closing JPA EntityManager
2018-07-12 02:35:03 DEBUG c.a.n.p.TrainingPersistenceService - Successfully found training: [com.app.neurorehab.persistence.model.TrainingPersistenceModel@53c0b5ac[reference=ref-99,title=This is an example game  title,description=This is an example description,creationDate=2012-03-08 01:00:00.0,rating=5,trainingArea=ATTENTION,accepted=false], com.app.neurorehab.persistence.model.TrainingPersistenceModel@200577e2[reference=ref-919,title=This is an example game  title,description=This is an example description,creationDate=2012-03-08 01:00:00.0,rating=5,trainingArea=ATTENTION,accepted=false], com.app.neurorehab.persistence.model.TrainingPersistenceModel@4df92fa4[reference=ref-214,title=This is an example game  title,description=This is an example description,creationDate=2012-03-08 01:00:00.0,rating=5,trainingArea=ATTENTION,accepted=false], com.app.neurorehab.persistence.model.TrainingPersistenceModel@6eaaaede[reference=ref-12,title=This is an example game  title,description=This is an example description,creationDate=2012-03-08 01:00:00.0,rating=5,trainingArea=ATTENTION,accepted=false], com.app.neurorehab.persistence.model.TrainingPersistenceModel@38911b72[reference=ref-999,title=<null>,description=<null>,creationDate=<null>,rating=<null>,trainingArea=ATTENTION,accepted=false]]
2018-07-12 02:35:04 DEBUG c.a.n.p.m.TrainingPersistenceMapper - Mapping from training persistence model to controller model
2018-07-12 02:35:04 DEBUG c.a.n.p.m.TrainingPersistenceMapper - Successfully mapped from training persistence model to controller model
2018-07-12 02:35:04 DEBUG c.a.n.p.m.TrainingPersistenceMapper - Mapping from training persistence model to controller model
2018-07-12 02:35:04 DEBUG c.a.n.p.m.TrainingPersistenceMapper - Successfully mapped from training persistence model to controller model
2018-07-12 02:35:04 DEBUG c.a.n.p.m.TrainingPersistenceMapper - Mapping from training persistence model to controller model
2018-07-12 02:35:04 DEBUG c.a.n.p.m.TrainingPersistenceMapper - Successfully mapped from training persistence model to controller model
2018-07-12 02:35:04 DEBUG c.a.n.p.m.TrainingPersistenceMapper - Mapping from training persistence model to controller model
2018-07-12 02:35:04 DEBUG c.a.n.p.m.TrainingPersistenceMapper - Successfully mapped from training persistence model to controller model
2018-07-12 02:35:04 DEBUG c.a.n.p.m.TrainingPersistenceMapper - Mapping from training persistence model to controller model
2018-07-12 02:35:04 DEBUG c.a.n.p.m.TrainingPersistenceMapper - Successfully mapped from training persistence model to controller model
2018-07-12 02:35:04 DEBUG c.a.n.service.TrainingService - Returning training found
2018-07-12 02:35:04 DEBUG c.a.n.controller.TrainingController - Returning training options
2018-07-12 02:35:04 DEBUG o.s.s.w.h.writers.HstsHeaderWriter - Not injecting HSTS header since it did not match the requestMatcher org.springframework.security.web.header.writers.HstsHeaderWriter$SecureRequestMatcher@428b91ad
2018-07-12 02:35:04 DEBUG o.s.w.s.m.m.a.RequestResponseBodyMethodProcessor - Written [[com.app.neurorehab.controller.model.TrainingControllerModel@76d40486[reference=ref-12,title=This is an example game  title,description=This is an example description,creationDate=2012-03-08 01:00:00.0,rating=5,trainingArea=ATTENTION], com.app.neurorehab.controller.model.TrainingControllerModel@19dcf64[reference=ref-99,title=This is an example game  title,description=This is an example description,creationDate=2012-03-08 01:00:00.0,rating=5,trainingArea=ATTENTION], com.app.neurorehab.controller.model.TrainingControllerModel@7881e3eb[reference=ref-214,title=This is an example game  title,description=This is an example description,creationDate=2012-03-08 01:00:00.0,rating=5,trainingArea=ATTENTION], com.app.neurorehab.controller.model.TrainingControllerModel@4a30d537[reference=ref-999,title=<null>,description=<null>,creationDate=<null>,rating=<null>,trainingArea=ATTENTION], com.app.neurorehab.controller.model.TrainingControllerModel@1c1608c3[reference=ref-919,title=This is an example game  title,description=This is an example description,creationDate=2012-03-08 01:00:00.0,rating=5,trainingArea=ATTENTION]]] as "application/json" using [org.springframework.http.converter.json.MappingJackson2HttpMessageConverter@7bf61e98]
2018-07-12 02:35:04 DEBUG o.s.web.servlet.DispatcherServlet - Null ModelAndView returned to DispatcherServlet with name 'appDispatcher': assuming HandlerAdapter completed request handling
2018-07-12 02:35:04 DEBUG o.s.web.servlet.DispatcherServlet - Successfully completed request
2018-07-12 02:35:04 DEBUG o.s.s.w.a.ExceptionTranslationFilter - Chain processed normally
2018-07-12 02:35:04 DEBUG o.s.s.w.c.SecurityContextPersistenceFilter - SecurityContextHolder now cleared, as request processing completed
